"X:/Unreal Projects/ProjectGlow/Content/Player/Player_BP.uasset" 0
"X:/Unreal Projects/ProjectGlow/Content/Player/Player_BP.uexp" 1
"X:/Unreal Projects/ProjectGlow/Content/GameModes/Player_GameMode_BP.uasset" 2
"X:/Unreal Projects/ProjectGlow/Content/GameModes/Player_GameMode_BP.uexp" 3
"X:/Unreal Projects/ProjectGlow/Content/StarterContent/Blueprints/Assets/FogBrightnessLUT.uasset" 4
"X:/Unreal Projects/ProjectGlow/Content/StarterContent/Blueprints/Assets/FogBrightnessLUT.uexp" 5
"X:/Unreal Projects/ProjectGlow/Content/StarterContent/Blueprints/Assets/M_LightStage_Arrows.uasset" 6
"X:/Unreal Projects/ProjectGlow/Content/StarterContent/Blueprints/Assets/M_LightStage_Arrows.uexp" 7
"../../../Engine/Content/MapTemplates/Sky/DaylightAmbientCubemap.uasset" 8
"../../../Engine/Content/MapTemplates/Sky/DaylightAmbientCubemap.uexp" 9
"X:/Unreal Projects/ProjectGlow/Content/StarterContent/Blueprints/Assets/M_LightStage_Skybox_Master.uasset" 10
"X:/Unreal Projects/ProjectGlow/Content/StarterContent/Blueprints/Assets/M_LightStage_Skybox_Master.uexp" 11
"X:/Unreal Projects/ProjectGlow/Content/StarterContent/Blueprints/Assets/M_LightStage_Skybox_Black.uasset" 12
"X:/Unreal Projects/ProjectGlow/Content/StarterContent/Blueprints/Assets/M_LightStage_Skybox_Black.uexp" 13
"X:/Unreal Projects/ProjectGlow/Content/StarterContent/Blueprints/Assets/M_LightStage_Skybox_HDRI.uasset" 14
"X:/Unreal Projects/ProjectGlow/Content/StarterContent/Blueprints/Assets/M_LightStage_Skybox_HDRI.uexp" 15
"../../../Engine/Content/EditorMaterials/Thumbnails/SkySphereMaterial.uasset" 16
"../../../Engine/Content/EditorMaterials/Thumbnails/SkySphereMaterial.uexp" 17
"X:/Unreal Projects/ProjectGlow/Content/StarterContent/Blueprints/Assets/Skybox.uasset" 18
"X:/Unreal Projects/ProjectGlow/Content/StarterContent/Blueprints/Assets/Skybox.uexp" 19
"../../../Engine/Content/EngineMaterials/T_Default_Material_Grid_N.uasset" 20
"../../../Engine/Content/EngineMaterials/T_Default_Material_Grid_N.uexp" 21
"../../../Engine/Content/EngineMaterials/T_Default_Material_Grid_N.ubulk" 22
"../../../Engine/Content/EngineMaterials/T_Default_Material_Grid_M.uasset" 23
"../../../Engine/Content/EngineMaterials/T_Default_Material_Grid_M.uexp" 24
"../../../Engine/Content/EngineMaterials/T_Default_Material_Grid_M.ubulk" 25
"../../../Engine/Content/Functions/Engine_MaterialFunctions01/Opacity/CameraDepthFade.uasset" 26
"../../../Engine/Content/Functions/Engine_MaterialFunctions01/Opacity/CameraDepthFade.uexp" 27
"../../../Engine/Content/EngineMaterials/WorldGridMaterial.uasset" 28
"../../../Engine/Content/EngineMaterials/WorldGridMaterial.uexp" 29
"X:/Unreal Projects/ProjectGlow/Content/StarterContent/Blueprints/Assets/SM_Arrows.uasset" 30
"X:/Unreal Projects/ProjectGlow/Content/StarterContent/Blueprints/Assets/SM_Arrows.uexp" 31
"X:/Unreal Projects/ProjectGlow/Content/StarterContent/Blueprints/Assets/SunlightColorLUT.uasset" 32
"X:/Unreal Projects/ProjectGlow/Content/StarterContent/Blueprints/Assets/SunlightColorLUT.uexp" 33
"X:/Unreal Projects/ProjectGlow/Content/StarterContent/Materials/M_AssetPlatform.uasset" 34
"X:/Unreal Projects/ProjectGlow/Content/StarterContent/Materials/M_AssetPlatform.uexp" 35
"X:/Unreal Projects/ProjectGlow/Content/StarterContent/Materials/M_Basic_Wall.uasset" 36
"X:/Unreal Projects/ProjectGlow/Content/StarterContent/Materials/M_Basic_Wall.uexp" 37
"X:/Unreal Projects/ProjectGlow/Content/StarterContent/Textures/T_MacroVariation.uasset" 38
"X:/Unreal Projects/ProjectGlow/Content/StarterContent/Textures/T_MacroVariation.uexp" 39
"X:/Unreal Projects/ProjectGlow/Content/StarterContent/Textures/T_Brick_Clay_Beveled_N.uasset" 40
"X:/Unreal Projects/ProjectGlow/Content/StarterContent/Textures/T_Brick_Clay_Beveled_N.uexp" 41
"X:/Unreal Projects/ProjectGlow/Content/StarterContent/Textures/T_Brick_Clay_Beveled_N.ubulk" 42
"X:/Unreal Projects/ProjectGlow/Content/StarterContent/Textures/T_Brick_Clay_Beveled_M.uasset" 43
"X:/Unreal Projects/ProjectGlow/Content/StarterContent/Textures/T_Brick_Clay_Beveled_M.uexp" 44
"X:/Unreal Projects/ProjectGlow/Content/StarterContent/Textures/T_Brick_Clay_Beveled_M.ubulk" 45
"X:/Unreal Projects/ProjectGlow/Content/StarterContent/Textures/T_Brick_Clay_Beveled_D.uasset" 46
"X:/Unreal Projects/ProjectGlow/Content/StarterContent/Textures/T_Brick_Clay_Beveled_D.uexp" 47
"X:/Unreal Projects/ProjectGlow/Content/StarterContent/Textures/T_Brick_Clay_Beveled_D.ubulk" 48
"X:/Unreal Projects/ProjectGlow/Content/StarterContent/Materials/M_Brick_Clay_Beveled.uasset" 49
"X:/Unreal Projects/ProjectGlow/Content/StarterContent/Materials/M_Brick_Clay_Beveled.uexp" 50
"X:/Unreal Projects/ProjectGlow/Content/StarterContent/Textures/T_Detail_Rocky_N.uasset" 51
"X:/Unreal Projects/ProjectGlow/Content/StarterContent/Textures/T_Detail_Rocky_N.uexp" 52
"X:/Unreal Projects/ProjectGlow/Content/StarterContent/Textures/T_Detail_Rocky_N.ubulk" 53
"X:/Unreal Projects/ProjectGlow/Content/StarterContent/Textures/T_Brick_Clay_New_N.uasset" 54
"X:/Unreal Projects/ProjectGlow/Content/StarterContent/Textures/T_Brick_Clay_New_N.uexp" 55
"X:/Unreal Projects/ProjectGlow/Content/StarterContent/Textures/T_Brick_Clay_New_M.uasset" 56
"X:/Unreal Projects/ProjectGlow/Content/StarterContent/Textures/T_Brick_Clay_New_M.uexp" 57
"X:/Unreal Projects/ProjectGlow/Content/StarterContent/Textures/T_Brick_Clay_New_D.uasset" 58
"X:/Unreal Projects/ProjectGlow/Content/StarterContent/Textures/T_Brick_Clay_New_D.uexp" 59
"X:/Unreal Projects/ProjectGlow/Content/StarterContent/Textures/T_Brick_Clay_New_D.ubulk" 60
"X:/Unreal Projects/ProjectGlow/Content/StarterContent/Materials/M_Brick_Clay_New.uasset" 61
"X:/Unreal Projects/ProjectGlow/Content/StarterContent/Materials/M_Brick_Clay_New.uexp" 62
"X:/Unreal Projects/ProjectGlow/Content/StarterContent/Textures/T_Perlin_Noise_M.uasset" 63
"X:/Unreal Projects/ProjectGlow/Content/StarterContent/Textures/T_Perlin_Noise_M.uexp" 64
"X:/Unreal Projects/ProjectGlow/Content/StarterContent/Textures/T_Perlin_Noise_M.ubulk" 65
"X:/Unreal Projects/ProjectGlow/Content/StarterContent/Textures/T_Brick_Clay_Old_N.uasset" 66
"X:/Unreal Projects/ProjectGlow/Content/StarterContent/Textures/T_Brick_Clay_Old_N.uexp" 67
"X:/Unreal Projects/ProjectGlow/Content/StarterContent/Textures/T_Brick_Clay_Old_N.ubulk" 68
"X:/Unreal Projects/ProjectGlow/Content/StarterContent/Textures/T_Brick_Clay_Old_D.uasset" 69
"X:/Unreal Projects/ProjectGlow/Content/StarterContent/Textures/T_Brick_Clay_Old_D.uexp" 70
"X:/Unreal Projects/ProjectGlow/Content/StarterContent/Textures/T_Brick_Clay_Old_D.ubulk" 71
"X:/Unreal Projects/ProjectGlow/Content/StarterContent/Materials/M_Brick_Clay_Old.uasset" 72
"X:/Unreal Projects/ProjectGlow/Content/StarterContent/Materials/M_Brick_Clay_Old.uexp" 73
"X:/Unreal Projects/ProjectGlow/Content/StarterContent/Textures/T_Brick_Cut_Stone_N.uasset" 74
"X:/Unreal Projects/ProjectGlow/Content/StarterContent/Textures/T_Brick_Cut_Stone_N.uexp" 75
"X:/Unreal Projects/ProjectGlow/Content/StarterContent/Textures/T_Brick_Cut_Stone_N.ubulk" 76
"X:/Unreal Projects/ProjectGlow/Content/StarterContent/Textures/T_Brick_Cut_Stone_D.uasset" 77
"X:/Unreal Projects/ProjectGlow/Content/StarterContent/Textures/T_Brick_Cut_Stone_D.uexp" 78
"X:/Unreal Projects/ProjectGlow/Content/StarterContent/Textures/T_Brick_Cut_Stone_D.ubulk" 79
"X:/Unreal Projects/ProjectGlow/Content/StarterContent/Materials/M_Brick_Cut_Stone.uasset" 80
"X:/Unreal Projects/ProjectGlow/Content/StarterContent/Materials/M_Brick_Cut_Stone.uexp" 81
"X:/Unreal Projects/ProjectGlow/Content/StarterContent/Textures/T_Brick_Hewn_Stone_N.uasset" 82
"X:/Unreal Projects/ProjectGlow/Content/StarterContent/Textures/T_Brick_Hewn_Stone_N.uexp" 83
"X:/Unreal Projects/ProjectGlow/Content/StarterContent/Textures/T_Brick_Hewn_Stone_N.ubulk" 84
"X:/Unreal Projects/ProjectGlow/Content/StarterContent/Textures/T_Brick_Hewn_Stone_M.uasset" 85
"X:/Unreal Projects/ProjectGlow/Content/StarterContent/Textures/T_Brick_Hewn_Stone_M.uexp" 86
"X:/Unreal Projects/ProjectGlow/Content/StarterContent/Textures/T_Brick_Hewn_Stone_M.ubulk" 87
"X:/Unreal Projects/ProjectGlow/Content/StarterContent/Textures/T_Brick_Hewn_Stone_D.uasset" 88
"X:/Unreal Projects/ProjectGlow/Content/StarterContent/Textures/T_Brick_Hewn_Stone_D.uexp" 89
"X:/Unreal Projects/ProjectGlow/Content/StarterContent/Textures/T_Brick_Hewn_Stone_D.ubulk" 90
"X:/Unreal Projects/ProjectGlow/Content/StarterContent/Materials/M_Brick_Hewn_Stone.uasset" 91
"X:/Unreal Projects/ProjectGlow/Content/StarterContent/Materials/M_Brick_Hewn_Stone.uexp" 92
"X:/Unreal Projects/ProjectGlow/Content/StarterContent/Textures/T_Rock_Marble_Polished_D.uasset" 93
"X:/Unreal Projects/ProjectGlow/Content/StarterContent/Textures/T_Rock_Marble_Polished_D.uexp" 94
"X:/Unreal Projects/ProjectGlow/Content/StarterContent/Textures/T_Rock_Marble_Polished_D.ubulk" 95
"X:/Unreal Projects/ProjectGlow/Content/StarterContent/Textures/T_Ceramic_Tile_N.uasset" 96
"X:/Unreal Projects/ProjectGlow/Content/StarterContent/Textures/T_Ceramic_Tile_N.uexp" 97
"X:/Unreal Projects/ProjectGlow/Content/StarterContent/Textures/T_Ceramic_Tile_N.ubulk" 98
"X:/Unreal Projects/ProjectGlow/Content/StarterContent/Textures/T_Ceramic_Tile_M.uasset" 99
"X:/Unreal Projects/ProjectGlow/Content/StarterContent/Textures/T_Ceramic_Tile_M.uexp" 100
"X:/Unreal Projects/ProjectGlow/Content/StarterContent/Textures/T_Ceramic_Tile_M.ubulk" 101
"X:/Unreal Projects/ProjectGlow/Content/StarterContent/Materials/M_Ceramic_Tile_Checker.uasset" 102
"X:/Unreal Projects/ProjectGlow/Content/StarterContent/Materials/M_Ceramic_Tile_Checker.uexp" 103
"X:/Unreal Projects/ProjectGlow/Content/StarterContent/Textures/T_CobbleStone_Pebble_M.uasset" 104
"X:/Unreal Projects/ProjectGlow/Content/StarterContent/Textures/T_CobbleStone_Pebble_M.uexp" 105
"X:/Unreal Projects/ProjectGlow/Content/StarterContent/Textures/T_CobbleStone_Pebble_M.ubulk" 106
"X:/Unreal Projects/ProjectGlow/Content/StarterContent/Textures/T_CobbleStone_Pebble_D.uasset" 107
"X:/Unreal Projects/ProjectGlow/Content/StarterContent/Textures/T_CobbleStone_Pebble_D.uexp" 108
"X:/Unreal Projects/ProjectGlow/Content/StarterContent/Textures/T_CobbleStone_Pebble_D.ubulk" 109
"X:/Unreal Projects/ProjectGlow/Content/StarterContent/Textures/T_CobbleStone_Pebble_N.uasset" 110
"X:/Unreal Projects/ProjectGlow/Content/StarterContent/Textures/T_CobbleStone_Pebble_N.uexp" 111
"X:/Unreal Projects/ProjectGlow/Content/StarterContent/Textures/T_CobbleStone_Pebble_N.ubulk" 112
"X:/Unreal Projects/ProjectGlow/Content/StarterContent/Materials/M_CobbleStone_Pebble.uasset" 113
"X:/Unreal Projects/ProjectGlow/Content/StarterContent/Materials/M_CobbleStone_Pebble.uexp" 114
"X:/Unreal Projects/ProjectGlow/Content/StarterContent/Textures/T_CobbleStone_Rough_D.uasset" 115
"X:/Unreal Projects/ProjectGlow/Content/StarterContent/Textures/T_CobbleStone_Rough_D.uexp" 116
"X:/Unreal Projects/ProjectGlow/Content/StarterContent/Textures/T_CobbleStone_Rough_D.ubulk" 117
"X:/Unreal Projects/ProjectGlow/Content/StarterContent/Textures/T_CobbleStone_Rough_N.uasset" 118
"X:/Unreal Projects/ProjectGlow/Content/StarterContent/Textures/T_CobbleStone_Rough_N.uexp" 119
"X:/Unreal Projects/ProjectGlow/Content/StarterContent/Textures/T_CobbleStone_Rough_N.ubulk" 120
"X:/Unreal Projects/ProjectGlow/Content/StarterContent/Textures/T_Gradinet_01.uasset" 121
"X:/Unreal Projects/ProjectGlow/Content/StarterContent/Textures/T_Gradinet_01.uexp" 122
"X:/Unreal Projects/ProjectGlow/Content/StarterContent/Textures/T_Gradinet_01.ubulk" 123
"X:/Unreal Projects/ProjectGlow/Content/StarterContent/Textures/T_Rock_Smooth_Granite_D.uasset" 124
"X:/Unreal Projects/ProjectGlow/Content/StarterContent/Textures/T_Rock_Smooth_Granite_D.uexp" 125
"X:/Unreal Projects/ProjectGlow/Content/StarterContent/Textures/T_Rock_Smooth_Granite_D.ubulk" 126
"X:/Unreal Projects/ProjectGlow/Content/StarterContent/Materials/M_CobbleStone_Rough.uasset" 127
"X:/Unreal Projects/ProjectGlow/Content/StarterContent/Materials/M_CobbleStone_Rough.uexp" 128
"X:/Unreal Projects/ProjectGlow/Content/StarterContent/Textures/T_CobbleStone_Smooth_D.uasset" 129
"X:/Unreal Projects/ProjectGlow/Content/StarterContent/Textures/T_CobbleStone_Smooth_D.uexp" 130
"X:/Unreal Projects/ProjectGlow/Content/StarterContent/Textures/T_CobbleStone_Smooth_D.ubulk" 131
"X:/Unreal Projects/ProjectGlow/Content/StarterContent/Textures/T_CobbleStone_Smooth_M.uasset" 132
"X:/Unreal Projects/ProjectGlow/Content/StarterContent/Textures/T_CobbleStone_Smooth_M.uexp" 133
"X:/Unreal Projects/ProjectGlow/Content/StarterContent/Textures/T_CobbleStone_Smooth_M.ubulk" 134
"X:/Unreal Projects/ProjectGlow/Content/StarterContent/Textures/T_CobbleStone_Smooth_N.uasset" 135
"X:/Unreal Projects/ProjectGlow/Content/StarterContent/Textures/T_CobbleStone_Smooth_N.uexp" 136
"X:/Unreal Projects/ProjectGlow/Content/StarterContent/Textures/T_CobbleStone_Smooth_N.ubulk" 137
"X:/Unreal Projects/ProjectGlow/Content/StarterContent/Materials/M_CobbleStone_Smooth.uasset" 138
"X:/Unreal Projects/ProjectGlow/Content/StarterContent/Materials/M_CobbleStone_Smooth.uexp" 139
"../../../Engine/Content/EditorMeshes/ColorCalibrator/T_ColorGrid.uasset" 140
"../../../Engine/Content/EditorMeshes/ColorCalibrator/T_ColorGrid.uexp" 141
"../../../Engine/Content/EditorMeshes/ColorCalibrator/T_ColorGrid.ubulk" 142
"X:/Unreal Projects/ProjectGlow/Content/StarterContent/Materials/M_ColorGrid_LowSpec.uasset" 143
"X:/Unreal Projects/ProjectGlow/Content/StarterContent/Materials/M_ColorGrid_LowSpec.uexp" 144
"X:/Unreal Projects/ProjectGlow/Content/StarterContent/Textures/T_Concrete_Grime_D.uasset" 145
"X:/Unreal Projects/ProjectGlow/Content/StarterContent/Textures/T_Concrete_Grime_D.uexp" 146
"X:/Unreal Projects/ProjectGlow/Content/StarterContent/Textures/T_Concrete_Grime_D.ubulk" 147
"X:/Unreal Projects/ProjectGlow/Content/StarterContent/Textures/T_Metal_Rust_N.uasset" 148
"X:/Unreal Projects/ProjectGlow/Content/StarterContent/Textures/T_Metal_Rust_N.uexp" 149
"X:/Unreal Projects/ProjectGlow/Content/StarterContent/Textures/T_Metal_Rust_N.ubulk" 150
"X:/Unreal Projects/ProjectGlow/Content/StarterContent/Materials/M_Concrete_Grime.uasset" 151
"X:/Unreal Projects/ProjectGlow/Content/StarterContent/Materials/M_Concrete_Grime.uexp" 152
"X:/Unreal Projects/ProjectGlow/Content/StarterContent/Textures/T_Concrete_Panels_N.uasset" 153
"X:/Unreal Projects/ProjectGlow/Content/StarterContent/Textures/T_Concrete_Panels_N.uexp" 154
"X:/Unreal Projects/ProjectGlow/Content/StarterContent/Textures/T_Concrete_Panels_N.ubulk" 155
"X:/Unreal Projects/ProjectGlow/Content/StarterContent/Textures/T_Concrete_Panels_D.uasset" 156
"X:/Unreal Projects/ProjectGlow/Content/StarterContent/Textures/T_Concrete_Panels_D.uexp" 157
"X:/Unreal Projects/ProjectGlow/Content/StarterContent/Textures/T_Concrete_Panels_D.ubulk" 158
"X:/Unreal Projects/ProjectGlow/Content/StarterContent/Materials/M_Concrete_Panels.uasset" 159
"X:/Unreal Projects/ProjectGlow/Content/StarterContent/Materials/M_Concrete_Panels.uexp" 160
"X:/Unreal Projects/ProjectGlow/Content/StarterContent/Textures/T_Concrete_Poured_D.uasset" 161
"X:/Unreal Projects/ProjectGlow/Content/StarterContent/Textures/T_Concrete_Poured_D.uexp" 162
"X:/Unreal Projects/ProjectGlow/Content/StarterContent/Textures/T_Concrete_Poured_D.ubulk" 163
"X:/Unreal Projects/ProjectGlow/Content/StarterContent/Textures/T_Concrete_Poured_N.uasset" 164
"X:/Unreal Projects/ProjectGlow/Content/StarterContent/Textures/T_Concrete_Poured_N.uexp" 165
"X:/Unreal Projects/ProjectGlow/Content/StarterContent/Textures/T_Concrete_Poured_N.ubulk" 166
"X:/Unreal Projects/ProjectGlow/Content/StarterContent/Materials/M_Concrete_Poured.uasset" 167
"X:/Unreal Projects/ProjectGlow/Content/StarterContent/Materials/M_Concrete_Poured.uexp" 168
"X:/Unreal Projects/ProjectGlow/Content/StarterContent/Textures/T_Concrete_Tiles_M.uasset" 169
"X:/Unreal Projects/ProjectGlow/Content/StarterContent/Textures/T_Concrete_Tiles_M.uexp" 170
"X:/Unreal Projects/ProjectGlow/Content/StarterContent/Textures/T_Concrete_Tiles_M.ubulk" 171
"X:/Unreal Projects/ProjectGlow/Content/StarterContent/Textures/T_Concrete_Tiles_N.uasset" 172
"X:/Unreal Projects/ProjectGlow/Content/StarterContent/Textures/T_Concrete_Tiles_N.uexp" 173
"X:/Unreal Projects/ProjectGlow/Content/StarterContent/Textures/T_Concrete_Tiles_N.ubulk" 174
"X:/Unreal Projects/ProjectGlow/Content/StarterContent/Textures/T_Concrete_Tiles_D.uasset" 175
"X:/Unreal Projects/ProjectGlow/Content/StarterContent/Textures/T_Concrete_Tiles_D.uexp" 176
"X:/Unreal Projects/ProjectGlow/Content/StarterContent/Textures/T_Concrete_Tiles_D.ubulk" 177
"X:/Unreal Projects/ProjectGlow/Content/StarterContent/Textures/T_Concrete_Tiles_Variation_M.uasset" 178
"X:/Unreal Projects/ProjectGlow/Content/StarterContent/Textures/T_Concrete_Tiles_Variation_M.uexp" 179
"X:/Unreal Projects/ProjectGlow/Content/StarterContent/Textures/T_Concrete_Tiles_Variation_M.ubulk" 180
"X:/Unreal Projects/ProjectGlow/Content/StarterContent/Materials/M_Concrete_Tiles.uasset" 181
"X:/Unreal Projects/ProjectGlow/Content/StarterContent/Materials/M_Concrete_Tiles.uexp" 182
"X:/Unreal Projects/ProjectGlow/Content/StarterContent/Textures/T_Ground_Grass_D.uasset" 183
"X:/Unreal Projects/ProjectGlow/Content/StarterContent/Textures/T_Ground_Grass_D.uexp" 184
"X:/Unreal Projects/ProjectGlow/Content/StarterContent/Textures/T_Ground_Grass_D.ubulk" 185
"X:/Unreal Projects/ProjectGlow/Content/StarterContent/Textures/T_Ground_Grass_N.uasset" 186
"X:/Unreal Projects/ProjectGlow/Content/StarterContent/Textures/T_Ground_Grass_N.uexp" 187
"X:/Unreal Projects/ProjectGlow/Content/StarterContent/Textures/T_Ground_Grass_N.ubulk" 188
"X:/Unreal Projects/ProjectGlow/Content/StarterContent/Materials/M_Ground_Grass.uasset" 189
"X:/Unreal Projects/ProjectGlow/Content/StarterContent/Materials/M_Ground_Grass.uexp" 190
"X:/Unreal Projects/ProjectGlow/Content/StarterContent/Textures/T_Ground_Gravel_D.uasset" 191
"X:/Unreal Projects/ProjectGlow/Content/StarterContent/Textures/T_Ground_Gravel_D.uexp" 192
"X:/Unreal Projects/ProjectGlow/Content/StarterContent/Textures/T_Ground_Gravel_D.ubulk" 193
"X:/Unreal Projects/ProjectGlow/Content/StarterContent/Textures/T_Ground_Gravel_N.uasset" 194
"X:/Unreal Projects/ProjectGlow/Content/StarterContent/Textures/T_Ground_Gravel_N.uexp" 195
"X:/Unreal Projects/ProjectGlow/Content/StarterContent/Textures/T_Ground_Gravel_N.ubulk" 196
"X:/Unreal Projects/ProjectGlow/Content/StarterContent/Materials/M_Ground_Gravel.uasset" 197
"X:/Unreal Projects/ProjectGlow/Content/StarterContent/Materials/M_Ground_Gravel.uexp" 198
"X:/Unreal Projects/ProjectGlow/Content/StarterContent/Textures/T_ground_Moss_D.uasset" 199
"X:/Unreal Projects/ProjectGlow/Content/StarterContent/Textures/T_ground_Moss_D.uexp" 200
"X:/Unreal Projects/ProjectGlow/Content/StarterContent/Textures/T_ground_Moss_D.ubulk" 201
"X:/Unreal Projects/ProjectGlow/Content/StarterContent/Textures/T_Ground_Moss_N.uasset" 202
"X:/Unreal Projects/ProjectGlow/Content/StarterContent/Textures/T_Ground_Moss_N.uexp" 203
"X:/Unreal Projects/ProjectGlow/Content/StarterContent/Textures/T_Ground_Moss_N.ubulk" 204
"X:/Unreal Projects/ProjectGlow/Content/StarterContent/Materials/M_Ground_Moss.uasset" 205
"X:/Unreal Projects/ProjectGlow/Content/StarterContent/Materials/M_Ground_Moss.uexp" 206
"X:/Unreal Projects/ProjectGlow/Content/StarterContent/Textures/T_Metal_Gold_N.uasset" 207
"X:/Unreal Projects/ProjectGlow/Content/StarterContent/Textures/T_Metal_Gold_N.uexp" 208
"X:/Unreal Projects/ProjectGlow/Content/StarterContent/Textures/T_Metal_Gold_N.ubulk" 209
"X:/Unreal Projects/ProjectGlow/Content/StarterContent/Textures/T_Metal_Aluminum_D.uasset" 210
"X:/Unreal Projects/ProjectGlow/Content/StarterContent/Textures/T_Metal_Aluminum_D.uexp" 211
"X:/Unreal Projects/ProjectGlow/Content/StarterContent/Textures/T_Metal_Aluminum_D.ubulk" 212
"X:/Unreal Projects/ProjectGlow/Content/StarterContent/Materials/M_Metal_Burnished_Steel.uasset" 213
"X:/Unreal Projects/ProjectGlow/Content/StarterContent/Materials/M_Metal_Burnished_Steel.uexp" 214
"X:/Unreal Projects/ProjectGlow/Content/StarterContent/Materials/M_Metal_Chrome.uasset" 215
"X:/Unreal Projects/ProjectGlow/Content/StarterContent/Materials/M_Metal_Chrome.uexp" 216
"X:/Unreal Projects/ProjectGlow/Content/StarterContent/Textures/T_Metal_Copper_D.uasset" 217
"X:/Unreal Projects/ProjectGlow/Content/StarterContent/Textures/T_Metal_Copper_D.uexp" 218
"X:/Unreal Projects/ProjectGlow/Content/StarterContent/Textures/T_Metal_Copper_D.ubulk" 219
"X:/Unreal Projects/ProjectGlow/Content/StarterContent/Materials/M_Metal_Copper.uasset" 220
"X:/Unreal Projects/ProjectGlow/Content/StarterContent/Materials/M_Metal_Copper.uexp" 221
"X:/Unreal Projects/ProjectGlow/Content/StarterContent/Textures/T_Metal_Steel_N.uasset" 222
"X:/Unreal Projects/ProjectGlow/Content/StarterContent/Textures/T_Metal_Steel_N.uexp" 223
"X:/Unreal Projects/ProjectGlow/Content/StarterContent/Textures/T_Metal_Steel_N.ubulk" 224
"X:/Unreal Projects/ProjectGlow/Content/StarterContent/Textures/T_Metal_Steel_D.uasset" 225
"X:/Unreal Projects/ProjectGlow/Content/StarterContent/Textures/T_Metal_Steel_D.uexp" 226
"X:/Unreal Projects/ProjectGlow/Content/StarterContent/Textures/T_Metal_Steel_D.ubulk" 227
"X:/Unreal Projects/ProjectGlow/Content/StarterContent/Materials/M_Metal_Steel.uasset" 228
"X:/Unreal Projects/ProjectGlow/Content/StarterContent/Materials/M_Metal_Steel.uexp" 229
"X:/Unreal Projects/ProjectGlow/Content/StarterContent/Textures/T_Rock_Basalt_N.uasset" 230
"X:/Unreal Projects/ProjectGlow/Content/StarterContent/Textures/T_Rock_Basalt_N.uexp" 231
"X:/Unreal Projects/ProjectGlow/Content/StarterContent/Textures/T_Rock_Basalt_N.ubulk" 232
"X:/Unreal Projects/ProjectGlow/Content/StarterContent/Textures/T_Rock_Basalt_D.uasset" 233
"X:/Unreal Projects/ProjectGlow/Content/StarterContent/Textures/T_Rock_Basalt_D.uexp" 234
"X:/Unreal Projects/ProjectGlow/Content/StarterContent/Textures/T_Rock_Basalt_D.ubulk" 235
"X:/Unreal Projects/ProjectGlow/Content/StarterContent/Materials/M_Rock_Basalt.uasset" 236
"X:/Unreal Projects/ProjectGlow/Content/StarterContent/Materials/M_Rock_Basalt.uexp" 237
"X:/Unreal Projects/ProjectGlow/Content/StarterContent/Materials/M_Rock_Marble_Polished.uasset" 238
"X:/Unreal Projects/ProjectGlow/Content/StarterContent/Materials/M_Rock_Marble_Polished.uexp" 239
"X:/Unreal Projects/ProjectGlow/Content/StarterContent/Textures/T_Rock_Sandstone_N.uasset" 240
"X:/Unreal Projects/ProjectGlow/Content/StarterContent/Textures/T_Rock_Sandstone_N.uexp" 241
"X:/Unreal Projects/ProjectGlow/Content/StarterContent/Textures/T_Rock_Sandstone_N.ubulk" 242
"X:/Unreal Projects/ProjectGlow/Content/StarterContent/Textures/T_Rock_Sandstone_D.uasset" 243
"X:/Unreal Projects/ProjectGlow/Content/StarterContent/Textures/T_Rock_Sandstone_D.uexp" 244
"X:/Unreal Projects/ProjectGlow/Content/StarterContent/Textures/T_Rock_Sandstone_D.ubulk" 245
"X:/Unreal Projects/ProjectGlow/Content/StarterContent/Materials/M_Rock_Sandstone.uasset" 246
"X:/Unreal Projects/ProjectGlow/Content/StarterContent/Materials/M_Rock_Sandstone.uexp" 247
"X:/Unreal Projects/ProjectGlow/Content/StarterContent/Textures/T_Rock_Slate_N.uasset" 248
"X:/Unreal Projects/ProjectGlow/Content/StarterContent/Textures/T_Rock_Slate_N.uexp" 249
"X:/Unreal Projects/ProjectGlow/Content/StarterContent/Textures/T_Rock_Slate_N.ubulk" 250
"X:/Unreal Projects/ProjectGlow/Content/StarterContent/Textures/T_Rock_Slate_D.uasset" 251
"X:/Unreal Projects/ProjectGlow/Content/StarterContent/Textures/T_Rock_Slate_D.uexp" 252
"X:/Unreal Projects/ProjectGlow/Content/StarterContent/Textures/T_Rock_Slate_D.ubulk" 253
"X:/Unreal Projects/ProjectGlow/Content/StarterContent/Materials/M_Rock_Slate.uasset" 254
"X:/Unreal Projects/ProjectGlow/Content/StarterContent/Materials/M_Rock_Slate.uexp" 255
"X:/Unreal Projects/ProjectGlow/Content/StarterContent/Textures/T_Tech_Dot_N.uasset" 256
"X:/Unreal Projects/ProjectGlow/Content/StarterContent/Textures/T_Tech_Dot_N.uexp" 257
"X:/Unreal Projects/ProjectGlow/Content/StarterContent/Textures/T_Tech_Dot_N.ubulk" 258
"X:/Unreal Projects/ProjectGlow/Content/StarterContent/Textures/T_Tech_Dot_M.uasset" 259
"X:/Unreal Projects/ProjectGlow/Content/StarterContent/Textures/T_Tech_Dot_M.uexp" 260
"X:/Unreal Projects/ProjectGlow/Content/StarterContent/Textures/T_Tech_Dot_M.ubulk" 261
"X:/Unreal Projects/ProjectGlow/Content/StarterContent/Textures/T_Single_Tile_N.uasset" 262
"X:/Unreal Projects/ProjectGlow/Content/StarterContent/Textures/T_Single_Tile_N.uexp" 263
"X:/Unreal Projects/ProjectGlow/Content/StarterContent/Textures/T_Single_Tile_N.ubulk" 264
"X:/Unreal Projects/ProjectGlow/Content/StarterContent/Textures/T_Checker_Noise_M.uasset" 265
"X:/Unreal Projects/ProjectGlow/Content/StarterContent/Textures/T_Checker_Noise_M.uexp" 266
"X:/Unreal Projects/ProjectGlow/Content/StarterContent/Textures/T_Checker_Noise_M.ubulk" 267
"X:/Unreal Projects/ProjectGlow/Content/StarterContent/Materials/M_Tech_Checker_Dot.uasset" 268
"X:/Unreal Projects/ProjectGlow/Content/StarterContent/Materials/M_Tech_Checker_Dot.uexp" 269
"../../../Engine/Content/Functions/Engine_MaterialFunctions02/Utility/BlendAngleCorrectedNormals.uasset" 270
"../../../Engine/Content/Functions/Engine_MaterialFunctions02/Utility/BlendAngleCorrectedNormals.uexp" 271
"X:/Unreal Projects/ProjectGlow/Content/StarterContent/Textures/T_Tech_Hex_Tile_N.uasset" 272
"X:/Unreal Projects/ProjectGlow/Content/StarterContent/Textures/T_Tech_Hex_Tile_N.uexp" 273
"X:/Unreal Projects/ProjectGlow/Content/StarterContent/Textures/T_Tech_Hex_Tile_N.ubulk" 274
"X:/Unreal Projects/ProjectGlow/Content/StarterContent/Textures/T_Tech_Hex_Tile_M.uasset" 275
"X:/Unreal Projects/ProjectGlow/Content/StarterContent/Textures/T_Tech_Hex_Tile_M.uexp" 276
"X:/Unreal Projects/ProjectGlow/Content/StarterContent/Textures/T_Tech_Hex_Tile_M.ubulk" 277
"X:/Unreal Projects/ProjectGlow/Content/StarterContent/Materials/M_Tech_Hex_Tile.uasset" 278
"X:/Unreal Projects/ProjectGlow/Content/StarterContent/Materials/M_Tech_Hex_Tile.uexp" 279
"X:/Unreal Projects/ProjectGlow/Content/StarterContent/Materials/M_Tech_Hex_Tile_Pulse.uasset" 280
"X:/Unreal Projects/ProjectGlow/Content/StarterContent/Materials/M_Tech_Hex_Tile_Pulse.uexp" 281
"X:/Unreal Projects/ProjectGlow/Content/StarterContent/Textures/T_Water_N.uasset" 282
"X:/Unreal Projects/ProjectGlow/Content/StarterContent/Textures/T_Water_N.uexp" 283
"X:/Unreal Projects/ProjectGlow/Content/StarterContent/Textures/T_Water_N.ubulk" 284
"X:/Unreal Projects/ProjectGlow/Content/StarterContent/Materials/M_Water_Lake.uasset" 285
"X:/Unreal Projects/ProjectGlow/Content/StarterContent/Materials/M_Water_Lake.uexp" 286
"X:/Unreal Projects/ProjectGlow/Content/StarterContent/Textures/T_Water_M.uasset" 287
"X:/Unreal Projects/ProjectGlow/Content/StarterContent/Textures/T_Water_M.uexp" 288
"X:/Unreal Projects/ProjectGlow/Content/StarterContent/Textures/T_Water_M.ubulk" 289
"X:/Unreal Projects/ProjectGlow/Content/StarterContent/Materials/M_Water_Ocean.uasset" 290
"X:/Unreal Projects/ProjectGlow/Content/StarterContent/Materials/M_Water_Ocean.uexp" 291
"X:/Unreal Projects/ProjectGlow/Content/StarterContent/Textures/T_Dust_Particle_D.uasset" 292
"X:/Unreal Projects/ProjectGlow/Content/StarterContent/Textures/T_Dust_Particle_D.uexp" 293
"X:/Unreal Projects/ProjectGlow/Content/StarterContent/Textures/T_Dust_Particle_D.ubulk" 294
"X:/Unreal Projects/ProjectGlow/Content/StarterContent/Particles/Materials/M_Dust_Particle.uasset" 295
"X:/Unreal Projects/ProjectGlow/Content/StarterContent/Particles/Materials/M_Dust_Particle.uexp" 296
"X:/Unreal Projects/ProjectGlow/Content/StarterContent/Particles/P_Ambient_Dust.uasset" 297
"X:/Unreal Projects/ProjectGlow/Content/StarterContent/Particles/P_Ambient_Dust.uexp" 298
"X:/Unreal Projects/ProjectGlow/Content/StarterContent/Textures/T_Smoke_Tiled_D.uasset" 299
"X:/Unreal Projects/ProjectGlow/Content/StarterContent/Textures/T_Smoke_Tiled_D.uexp" 300
"X:/Unreal Projects/ProjectGlow/Content/StarterContent/Textures/T_Smoke_Tiled_D.ubulk" 301
"X:/Unreal Projects/ProjectGlow/Content/StarterContent/Textures/T_Smoke_SubUV.uasset" 302
"X:/Unreal Projects/ProjectGlow/Content/StarterContent/Textures/T_Smoke_SubUV.uexp" 303
"X:/Unreal Projects/ProjectGlow/Content/StarterContent/Textures/T_Smoke_SubUV.ubulk" 304
"X:/Unreal Projects/ProjectGlow/Content/StarterContent/Particles/Materials/M_smoke_subUV.uasset" 305
"X:/Unreal Projects/ProjectGlow/Content/StarterContent/Particles/Materials/M_smoke_subUV.uexp" 306
"../../../Engine/Content/Functions/Engine_MaterialFunctions01/Gradient/RadialGradient.uasset" 307
"../../../Engine/Content/Functions/Engine_MaterialFunctions01/Gradient/RadialGradient.uexp" 308
"X:/Unreal Projects/ProjectGlow/Content/StarterContent/Particles/Materials/M_radial_ramp.uasset" 309
"X:/Unreal Projects/ProjectGlow/Content/StarterContent/Particles/Materials/M_radial_ramp.uexp" 310
"X:/Unreal Projects/ProjectGlow/Content/StarterContent/Particles/Materials/m_flare_01.uasset" 311
"X:/Unreal Projects/ProjectGlow/Content/StarterContent/Particles/Materials/m_flare_01.uexp" 312
"X:/Unreal Projects/ProjectGlow/Content/StarterContent/Textures/T_Explosion_SubUV.uasset" 313
"X:/Unreal Projects/ProjectGlow/Content/StarterContent/Textures/T_Explosion_SubUV.uexp" 314
"X:/Unreal Projects/ProjectGlow/Content/StarterContent/Textures/T_Explosion_SubUV.ubulk" 315
"X:/Unreal Projects/ProjectGlow/Content/StarterContent/Particles/Materials/M_explosion_subUV.uasset" 316
"X:/Unreal Projects/ProjectGlow/Content/StarterContent/Particles/Materials/M_explosion_subUV.uexp" 317
"X:/Unreal Projects/ProjectGlow/Content/StarterContent/Textures/T_Burst_M.uasset" 318
"X:/Unreal Projects/ProjectGlow/Content/StarterContent/Textures/T_Burst_M.uexp" 319
"X:/Unreal Projects/ProjectGlow/Content/StarterContent/Textures/T_Burst_M.ubulk" 320
"X:/Unreal Projects/ProjectGlow/Content/StarterContent/Particles/Materials/M_Burst.uasset" 321
"X:/Unreal Projects/ProjectGlow/Content/StarterContent/Particles/Materials/M_Burst.uexp" 322
"X:/Unreal Projects/ProjectGlow/Content/StarterContent/Particles/P_Explosion.uasset" 323
"X:/Unreal Projects/ProjectGlow/Content/StarterContent/Particles/P_Explosion.uexp" 324
"X:/Unreal Projects/ProjectGlow/Content/StarterContent/Particles/Materials/M_Radial_Gradient.uasset" 325
"X:/Unreal Projects/ProjectGlow/Content/StarterContent/Particles/Materials/M_Radial_Gradient.uexp" 326
"X:/Unreal Projects/ProjectGlow/Content/StarterContent/Particles/Materials/M_Heat_Distortion.uasset" 327
"X:/Unreal Projects/ProjectGlow/Content/StarterContent/Particles/Materials/M_Heat_Distortion.uexp" 328
"X:/Unreal Projects/ProjectGlow/Content/StarterContent/Textures/T_Fire_Tiled_D.uasset" 329
"X:/Unreal Projects/ProjectGlow/Content/StarterContent/Textures/T_Fire_Tiled_D.uexp" 330
"X:/Unreal Projects/ProjectGlow/Content/StarterContent/Textures/T_Fire_Tiled_D.ubulk" 331
"X:/Unreal Projects/ProjectGlow/Content/StarterContent/Textures/T_Fire_SubUV.uasset" 332
"X:/Unreal Projects/ProjectGlow/Content/StarterContent/Textures/T_Fire_SubUV.uexp" 333
"X:/Unreal Projects/ProjectGlow/Content/StarterContent/Textures/T_Fire_SubUV.ubulk" 334
"X:/Unreal Projects/ProjectGlow/Content/StarterContent/Particles/Materials/M_Fire_SubUV.uasset" 335
"X:/Unreal Projects/ProjectGlow/Content/StarterContent/Particles/Materials/M_Fire_SubUV.uexp" 336
"X:/Unreal Projects/ProjectGlow/Content/StarterContent/Particles/P_Fire.uasset" 337
"X:/Unreal Projects/ProjectGlow/Content/StarterContent/Particles/P_Fire.uexp" 338
"X:/Unreal Projects/ProjectGlow/Content/StarterContent/Particles/P_Smoke.uasset" 339
"X:/Unreal Projects/ProjectGlow/Content/StarterContent/Particles/P_Smoke.uexp" 340
"X:/Unreal Projects/ProjectGlow/Content/StarterContent/Textures/T_Spark_Core.uasset" 341
"X:/Unreal Projects/ProjectGlow/Content/StarterContent/Textures/T_Spark_Core.uexp" 342
"X:/Unreal Projects/ProjectGlow/Content/StarterContent/Textures/T_Spark_Core.ubulk" 343
"X:/Unreal Projects/ProjectGlow/Content/StarterContent/Particles/Materials/M_Spark.uasset" 344
"X:/Unreal Projects/ProjectGlow/Content/StarterContent/Particles/Materials/M_Spark.uexp" 345
"X:/Unreal Projects/ProjectGlow/Content/StarterContent/Particles/P_Sparks.uasset" 346
"X:/Unreal Projects/ProjectGlow/Content/StarterContent/Particles/P_Sparks.uexp" 347
"X:/Unreal Projects/ProjectGlow/Content/StarterContent/Particles/P_Steam_Lit.uasset" 348
"X:/Unreal Projects/ProjectGlow/Content/StarterContent/Particles/P_Steam_Lit.uexp" 349
"X:/Unreal Projects/ProjectGlow/Content/StarterContent/Props/MaterialSphere.uasset" 350
"X:/Unreal Projects/ProjectGlow/Content/StarterContent/Props/MaterialSphere.uexp" 351
"X:/Unreal Projects/ProjectGlow/Content/StarterContent/Textures/T_Bush_N.uasset" 352
"X:/Unreal Projects/ProjectGlow/Content/StarterContent/Textures/T_Bush_N.uexp" 353
"X:/Unreal Projects/ProjectGlow/Content/StarterContent/Textures/T_Bush_N.ubulk" 354
"X:/Unreal Projects/ProjectGlow/Content/StarterContent/Textures/T_Bush_D.uasset" 355
"X:/Unreal Projects/ProjectGlow/Content/StarterContent/Textures/T_Bush_D.uexp" 356
"X:/Unreal Projects/ProjectGlow/Content/StarterContent/Textures/T_Bush_D.ubulk" 357
"X:/Unreal Projects/ProjectGlow/Content/StarterContent/Props/Materials/M_Bush.uasset" 358
"X:/Unreal Projects/ProjectGlow/Content/StarterContent/Props/Materials/M_Bush.uexp" 359
"X:/Unreal Projects/ProjectGlow/Content/StarterContent/Props/SM_Bush.uasset" 360
"X:/Unreal Projects/ProjectGlow/Content/StarterContent/Props/SM_Bush.uexp" 361
"X:/Unreal Projects/ProjectGlow/Content/StarterContent/Materials/M_Glass.uasset" 362
"X:/Unreal Projects/ProjectGlow/Content/StarterContent/Materials/M_Glass.uexp" 363
"X:/Unreal Projects/ProjectGlow/Content/StarterContent/Props/SM_GlassWindow.uasset" 364
"X:/Unreal Projects/ProjectGlow/Content/StarterContent/Props/SM_GlassWindow.uexp" 365
"X:/Unreal Projects/ProjectGlow/Content/StarterContent/Props/Materials/M_MaterialSphere_Plain.uasset" 366
"X:/Unreal Projects/ProjectGlow/Content/StarterContent/Props/Materials/M_MaterialSphere_Plain.uexp" 367
"X:/Unreal Projects/ProjectGlow/Content/StarterContent/Props/Materials/M_MaterialSphere.uasset" 368
"X:/Unreal Projects/ProjectGlow/Content/StarterContent/Props/Materials/M_MaterialSphere.uexp" 369
"X:/Unreal Projects/ProjectGlow/Content/StarterContent/Props/SM_MatPreviewMesh_02.uasset" 370
"X:/Unreal Projects/ProjectGlow/Content/StarterContent/Props/SM_MatPreviewMesh_02.uexp" 371
"X:/Unreal Projects/ProjectGlow/Content/StarterContent/Textures/T_RockMesh_N.uasset" 372
"X:/Unreal Projects/ProjectGlow/Content/StarterContent/Textures/T_RockMesh_N.uexp" 373
"X:/Unreal Projects/ProjectGlow/Content/StarterContent/Textures/T_RockMesh_N.ubulk" 374
"X:/Unreal Projects/ProjectGlow/Content/StarterContent/Textures/T_RockMesh_M.uasset" 375
"X:/Unreal Projects/ProjectGlow/Content/StarterContent/Textures/T_RockMesh_M.uexp" 376
"X:/Unreal Projects/ProjectGlow/Content/StarterContent/Textures/T_RockMesh_M.ubulk" 377
"X:/Unreal Projects/ProjectGlow/Content/StarterContent/Props/Materials/M_Rock.uasset" 378
"X:/Unreal Projects/ProjectGlow/Content/StarterContent/Props/Materials/M_Rock.uexp" 379
"X:/Unreal Projects/ProjectGlow/Content/StarterContent/Props/SM_Rock.uasset" 380
"X:/Unreal Projects/ProjectGlow/Content/StarterContent/Props/SM_Rock.uexp" 381
"X:/Unreal Projects/ProjectGlow/Content/StarterContent/Textures/T_Statue_N.uasset" 382
"X:/Unreal Projects/ProjectGlow/Content/StarterContent/Textures/T_Statue_N.uexp" 383
"X:/Unreal Projects/ProjectGlow/Content/StarterContent/Textures/T_Statue_N.ubulk" 384
"X:/Unreal Projects/ProjectGlow/Content/StarterContent/Textures/T_Statue_M.uasset" 385
"X:/Unreal Projects/ProjectGlow/Content/StarterContent/Textures/T_Statue_M.uexp" 386
"X:/Unreal Projects/ProjectGlow/Content/StarterContent/Textures/T_Statue_M.ubulk" 387
"X:/Unreal Projects/ProjectGlow/Content/StarterContent/Props/Materials/M_StatueGlass.uasset" 388
"X:/Unreal Projects/ProjectGlow/Content/StarterContent/Props/Materials/M_StatueGlass.uexp" 389
"X:/Unreal Projects/ProjectGlow/Content/StarterContent/Props/Materials/M_Statue.uasset" 390
"X:/Unreal Projects/ProjectGlow/Content/StarterContent/Props/Materials/M_Statue.uexp" 391
"X:/Unreal Projects/ProjectGlow/Content/StarterContent/Props/SM_Statue.uasset" 392
"X:/Unreal Projects/ProjectGlow/Content/StarterContent/Props/SM_Statue.uexp" 393
"X:/Unreal Projects/ProjectGlow/Content/StarterContent/Textures/T_Frame_M.uasset" 394
"X:/Unreal Projects/ProjectGlow/Content/StarterContent/Textures/T_Frame_M.uexp" 395
"X:/Unreal Projects/ProjectGlow/Content/StarterContent/Textures/T_Frame_M.ubulk" 396
"X:/Unreal Projects/ProjectGlow/Content/StarterContent/Textures/T_Frame_N.uasset" 397
"X:/Unreal Projects/ProjectGlow/Content/StarterContent/Textures/T_Frame_N.uexp" 398
"X:/Unreal Projects/ProjectGlow/Content/StarterContent/Textures/T_Frame_N.ubulk" 399
"../../../Engine/Content/ArtTools/RenderToTexture/Meshes/S_1_Unit_Plane.uasset" 400
"../../../Engine/Content/ArtTools/RenderToTexture/Meshes/S_1_Unit_Plane.uexp" 401
"../../../Engine/Content/EngineMaterials/DefaultMaterial.uasset" 402
"../../../Engine/Content/EngineMaterials/DefaultMaterial.uexp" 403
"../../../Engine/Content/BasicShapes/Cone.uasset" 404
"../../../Engine/Content/BasicShapes/Cone.uexp" 405
"../../../Engine/Content/BasicShapes/Cube.uasset" 406
"../../../Engine/Content/BasicShapes/Cube.uexp" 407
"../../../Engine/Content/BasicShapes/Plane.uasset" 408
"../../../Engine/Content/BasicShapes/Plane.uexp" 409
"../../../Engine/Content/BasicShapes/Sphere.uasset" 410
"../../../Engine/Content/BasicShapes/Sphere.uexp" 411
"../../../Engine/Content/EditorLandscapeResources/DataLayer.uasset" 412
"../../../Engine/Content/EditorLandscapeResources/DataLayer.uexp" 413
"../../../Engine/Content/EditorLandscapeResources/DefaultAlphaTexture.uasset" 414
"../../../Engine/Content/EditorLandscapeResources/DefaultAlphaTexture.uexp" 415
"../../../Engine/Content/EditorMaterials/MAT_Groups_Toggle.uasset" 416
"../../../Engine/Content/EditorMaterials/MAT_Groups_Toggle.uexp" 417
"../../../Engine/Content/EditorMaterials/MAT_Groups_Visibility.uasset" 418
"../../../Engine/Content/EditorMaterials/MAT_Groups_Visibility.uexp" 419
"../../../Engine/Content/EditorMaterials/PreviewShadowIndicator.uasset" 420
"../../../Engine/Content/EditorMaterials/PreviewShadowIndicator.uexp" 421
"../../../Engine/Content/EditorMaterials/PreviewShadowIndicator.ubulk" 422
"../../../Engine/Content/EditorMaterials/PreviewShadowIndicatorMaterial.uasset" 423
"../../../Engine/Content/EditorMaterials/PreviewShadowIndicatorMaterial.uexp" 424
"../../../Engine/Content/EditorMaterials/MatineeGroups/MAT_ColorTrack.uasset" 425
"../../../Engine/Content/EditorMaterials/MatineeGroups/MAT_ColorTrack.uexp" 426
"../../../Engine/Content/EditorMaterials/MatineeGroups/MAT_Groups_Anim.uasset" 427
"../../../Engine/Content/EditorMaterials/MatineeGroups/MAT_Groups_Anim.uexp" 428
"../../../Engine/Content/EditorMaterials/MatineeGroups/MAT_Groups_AudioMaster.uasset" 429
"../../../Engine/Content/EditorMaterials/MatineeGroups/MAT_Groups_AudioMaster.uexp" 430
"../../../Engine/Content/EditorMaterials/MatineeGroups/MAT_Groups_Director.uasset" 431
"../../../Engine/Content/EditorMaterials/MatineeGroups/MAT_Groups_Director.uexp" 432
"../../../Engine/Content/EditorMaterials/MatineeGroups/MAT_Groups_Event.uasset" 433
"../../../Engine/Content/EditorMaterials/MatineeGroups/MAT_Groups_Event.uexp" 434
"../../../Engine/Content/EditorMaterials/MatineeGroups/MAT_Groups_Fade.uasset" 435
"../../../Engine/Content/EditorMaterials/MatineeGroups/MAT_Groups_Fade.uexp" 436
"../../../Engine/Content/EditorMaterials/MatineeGroups/MAT_Groups_Float.uasset" 437
"../../../Engine/Content/EditorMaterials/MatineeGroups/MAT_Groups_Float.uexp" 438
"../../../Engine/Content/EditorMaterials/MatineeGroups/MAT_Groups_Move.uasset" 439
"../../../Engine/Content/EditorMaterials/MatineeGroups/MAT_Groups_Move.uexp" 440
"../../../Engine/Content/EditorMaterials/MatineeGroups/MAT_Groups_Slomo.uasset" 441
"../../../Engine/Content/EditorMaterials/MatineeGroups/MAT_Groups_Slomo.uexp" 442
"../../../Engine/Content/EditorMaterials/MatineeGroups/MAT_Groups_Sound.uasset" 443
"../../../Engine/Content/EditorMaterials/MatineeGroups/MAT_Groups_Sound.uexp" 444
"../../../Engine/Content/EditorMaterials/MatineeGroups/MAT_Groups_Vector.uasset" 445
"../../../Engine/Content/EditorMaterials/MatineeGroups/MAT_Groups_Vector.uexp" 446
"../../../Engine/Content/EditorMaterials/ParticleSystems/PSysThumbnail_NoImage.uasset" 447
"../../../Engine/Content/EditorMaterials/ParticleSystems/PSysThumbnail_NoImage.uexp" 448
"../../../Engine/Content/EditorMaterials/ParticleSystems/PSysThumbnail_NoImage.ubulk" 449
"../../../Engine/Content/EditorMaterials/ParticleSystems/PSysThumbnail_OOD.uasset" 450
"../../../Engine/Content/EditorMaterials/ParticleSystems/PSysThumbnail_OOD.uexp" 451
"../../../Engine/Content/EditorMaterials/ParticleSystems/PSysThumbnail_OOD.ubulk" 452
"../../../Engine/Content/EditorMaterials/Camera/CineMat.uasset" 453
"../../../Engine/Content/EditorMaterials/Camera/CineMat.uexp" 454
"../../../Engine/Content/EditorMaterials/Camera/MI_CineMat_Rig.uasset" 455
"../../../Engine/Content/EditorMaterials/Camera/MI_CineMat_Rig.uexp" 456
"../../../Engine/Content/EditorMeshes/Camera/SM_CraneRig_Arm.uasset" 457
"../../../Engine/Content/EditorMeshes/Camera/SM_CraneRig_Arm.uexp" 458
"../../../Engine/Content/EditorMeshes/Camera/SM_CraneRig_Base.uasset" 459
"../../../Engine/Content/EditorMeshes/Camera/SM_CraneRig_Base.uexp" 460
"../../../Engine/Content/EditorMeshes/Camera/SM_CraneRig_Body.uasset" 461
"../../../Engine/Content/EditorMeshes/Camera/SM_CraneRig_Body.uexp" 462
"../../../Engine/Content/EditorMeshes/Camera/SM_CraneRig_Mount.uasset" 463
"../../../Engine/Content/EditorMeshes/Camera/SM_CraneRig_Mount.uexp" 464
"../../../Engine/Content/EditorMeshes/Camera/SM_RailRig_Mount.uasset" 465
"../../../Engine/Content/EditorMeshes/Camera/SM_RailRig_Mount.uexp" 466
"../../../Engine/Content/EditorMeshes/Camera/SM_RailRig_Track.uasset" 467
"../../../Engine/Content/EditorMeshes/Camera/SM_RailRig_Track.uexp" 468
"../../../Engine/Content/EditorResources/BSPVertex.uasset" 469
"../../../Engine/Content/EditorResources/BSPVertex.uexp" 470
"../../../Engine/Content/EditorResources/EmptyActor.uasset" 471
"../../../Engine/Content/EditorResources/EmptyActor.uexp" 472
"../../../Engine/Content/EditorResources/S_Actor.uasset" 473
"../../../Engine/Content/EditorResources/S_Actor.uexp" 474
"../../../Engine/Content/EditorResources/S_Actor.ubulk" 475
"../../../Engine/Content/EditorResources/S_Note.uasset" 476
"../../../Engine/Content/EditorResources/S_Note.uexp" 477
"../../../Engine/Content/EditorResources/S_Note.ubulk" 478
"../../../Engine/Content/EditorResources/S_Solver.uasset" 479
"../../../Engine/Content/EditorResources/S_Solver.uexp" 480
"../../../Engine/Content/EditorResources/S_Solver.ubulk" 481
"../../../Engine/Content/EditorResources/S_Terrain.uasset" 482
"../../../Engine/Content/EditorResources/S_Terrain.uexp" 483
"../../../Engine/Content/EditorResources/S_Terrain.ubulk" 484
"../../../Engine/Content/EditorResources/S_Trigger.uasset" 485
"../../../Engine/Content/EditorResources/S_Trigger.uexp" 486
"../../../Engine/Content/EditorResources/S_Trigger.ubulk" 487
"../../../Engine/Content/EditorResources/LightIcons/S_LightError.uasset" 488
"../../../Engine/Content/EditorResources/LightIcons/S_LightError.uexp" 489
"../../../Engine/Content/EditorResources/SequenceRecorder/Countdown.uasset" 490
"../../../Engine/Content/EditorResources/SequenceRecorder/Countdown.uexp" 491
"../../../Engine/Content/EditorResources/SequenceRecorder/RecordingIndicator.uasset" 492
"../../../Engine/Content/EditorResources/SequenceRecorder/RecordingIndicator.uexp" 493
"../../../Engine/Content/EngineDamageTypes/DmgTypeBP_Environmental.uasset" 494
"../../../Engine/Content/EngineDamageTypes/DmgTypeBP_Environmental.uexp" 495
"../../../Engine/Content/EngineDebugMaterials/DebugEditorMaterial.uasset" 496
"../../../Engine/Content/EngineDebugMaterials/DebugEditorMaterial.uexp" 497
"../../../Engine/Content/EngineDebugMaterials/DebugMeshMaterial.uasset" 498
"../../../Engine/Content/EngineDebugMaterials/DebugMeshMaterial.uexp" 499
"../../../Engine/Content/EngineDebugMaterials/M_SimpleUnlitTranslucent.uasset" 500
"../../../Engine/Content/EngineDebugMaterials/M_SimpleUnlitTranslucent.uexp" 501
"../../../Engine/Content/EngineDebugMaterials/VolumeToRender.uasset" 502
"../../../Engine/Content/EngineDebugMaterials/VolumeToRender.uexp" 503
"../../../Engine/Content/Functions/Engine_MaterialFunctions02/Utility/CameraDirectionVector.uasset" 504
"../../../Engine/Content/Functions/Engine_MaterialFunctions02/Utility/CameraDirectionVector.uexp" 505
"../../../Engine/Content/EngineDebugMaterials/M_VolumeRenderSphereTracePP.uasset" 506
"../../../Engine/Content/EngineDebugMaterials/M_VolumeRenderSphereTracePP.uexp" 507
"../../../Engine/Content/Functions/Engine_MaterialFunctions01/Shading/ConvertFromDiffSpec.uasset" 508
"../../../Engine/Content/Functions/Engine_MaterialFunctions01/Shading/ConvertFromDiffSpec.uexp" 509
"../../../Engine/Content/EngineDebugMaterials/VertexColorMaterial.uasset" 510
"../../../Engine/Content/EngineDebugMaterials/VertexColorMaterial.uexp" 511
"../../../Engine/Content/EngineDebugMaterials/WireframeMaterial.uasset" 512
"../../../Engine/Content/EngineDebugMaterials/WireframeMaterial.uexp" 513
"../../../Engine/Content/EngineFonts/Faces/RobotoRegular.uasset" 514
"../../../Engine/Content/EngineFonts/Faces/RobotoRegular.uexp" 515
"../../../Engine/Content/EngineFonts/Faces/RobotoRegular.ufont" 516
"../../../Engine/Content/EngineFonts/Faces/RobotoLight.uasset" 517
"../../../Engine/Content/EngineFonts/Faces/RobotoLight.uexp" 518
"../../../Engine/Content/EngineFonts/Faces/RobotoLight.ufont" 519
"../../../Engine/Content/EngineFonts/Faces/RobotoItalic.uasset" 520
"../../../Engine/Content/EngineFonts/Faces/RobotoItalic.uexp" 521
"../../../Engine/Content/EngineFonts/Faces/RobotoItalic.ufont" 522
"../../../Engine/Content/EngineFonts/Faces/RobotoBoldItalic.uasset" 523
"../../../Engine/Content/EngineFonts/Faces/RobotoBoldItalic.uexp" 524
"../../../Engine/Content/EngineFonts/Faces/RobotoBoldItalic.ufont" 525
"../../../Engine/Content/EngineFonts/Faces/RobotoBold.uasset" 526
"../../../Engine/Content/EngineFonts/Faces/RobotoBold.uexp" 527
"../../../Engine/Content/EngineFonts/Faces/RobotoBold.ufont" 528
"../../../Engine/Content/EngineFonts/Faces/DroidSansFallback.uasset" 529
"../../../Engine/Content/EngineFonts/Faces/DroidSansFallback.uexp" 530
"../../../Engine/Content/EngineFonts/Faces/DroidSansFallback.ufont" 531
"../../../Engine/Content/EngineFonts/Roboto.uasset" 532
"../../../Engine/Content/EngineFonts/Roboto.uexp" 533
"../../../Engine/Content/EngineMaterials/BaseFlattenNormalMap.uasset" 534
"../../../Engine/Content/EngineMaterials/BaseFlattenNormalMap.uexp" 535
"../../../Engine/Content/EngineMaterials/BaseFlattenGrayscaleMap.uasset" 536
"../../../Engine/Content/EngineMaterials/BaseFlattenGrayscaleMap.uexp" 537
"../../../Engine/Content/EngineMaterials/BaseFlattenEmissiveMap.uasset" 538
"../../../Engine/Content/EngineMaterials/BaseFlattenEmissiveMap.uexp" 539
"../../../Engine/Content/EngineMaterials/BaseFlattenDiffuseMap.uasset" 540
"../../../Engine/Content/EngineMaterials/BaseFlattenDiffuseMap.uexp" 541
"../../../Engine/Content/EngineMaterials/BaseFlattenMaterial.uasset" 542
"../../../Engine/Content/EngineMaterials/BaseFlattenMaterial.uexp" 543
"../../../Engine/Content/EngineMaterials/BlueNoise.uasset" 544
"../../../Engine/Content/EngineMaterials/BlueNoise.uexp" 545
"../../../Engine/Content/EngineMaterials/DefaultBloomKernel.uasset" 546
"../../../Engine/Content/EngineMaterials/DefaultBloomKernel.uexp" 547
"../../../Engine/Content/EngineMaterials/DefaultBokeh.uasset" 548
"../../../Engine/Content/EngineMaterials/DefaultBokeh.uexp" 549
"../../../Engine/Content/EngineMaterials/DefaultDiffuse.uasset" 550
"../../../Engine/Content/EngineMaterials/DefaultDiffuse.uexp" 551
"../../../Engine/Content/EngineMaterials/DefaultDiffuse.ubulk" 552
"../../../Engine/Content/EngineMaterials/DefaultDeferredDecalMaterial.uasset" 553
"../../../Engine/Content/EngineMaterials/DefaultDeferredDecalMaterial.uexp" 554
"../../../Engine/Content/EngineMaterials/DefaultLightFunctionMaterial.uasset" 555
"../../../Engine/Content/EngineMaterials/DefaultLightFunctionMaterial.uexp" 556
"../../../Engine/Content/EngineMaterials/DefaultPhysicalMaterial.uasset" 557
"../../../Engine/Content/EngineMaterials/DefaultPhysicalMaterial.uexp" 558
"../../../Engine/Content/Functions/Engine_MaterialFunctions02/Utility/BreakOutFloat2Components.uasset" 559
"../../../Engine/Content/Functions/Engine_MaterialFunctions02/Utility/BreakOutFloat2Components.uexp" 560
"../../../Engine/Content/EngineMaterials/DefaultPostProcessMaterial.uasset" 561
"../../../Engine/Content/EngineMaterials/DefaultPostProcessMaterial.uexp" 562
"../../../Engine/Content/EngineFonts/RobotoDistanceField.uasset" 563
"../../../Engine/Content/EngineFonts/RobotoDistanceField.uexp" 564
"../../../Engine/Content/EngineMaterials/DefaultTextMaterialOpaque.uasset" 565
"../../../Engine/Content/EngineMaterials/DefaultTextMaterialOpaque.uexp" 566
"../../../Engine/Content/EngineMaterials/DefaultWhiteGrid.uasset" 567
"../../../Engine/Content/EngineMaterials/DefaultWhiteGrid.uexp" 568
"../../../Engine/Content/EngineMaterials/DefaultWhiteGrid.ubulk" 569
"../../../Engine/Content/EngineMaterials/DefaultWhiteGrid_Low.uasset" 570
"../../../Engine/Content/EngineMaterials/DefaultWhiteGrid_Low.uexp" 571
"../../../Engine/Content/EngineMaterials/EmissiveMeshMaterial.uasset" 572
"../../../Engine/Content/EngineMaterials/EmissiveMeshMaterial.uexp" 573
"../../../Engine/Content/EngineMaterials/GizmoMaterial.uasset" 574
"../../../Engine/Content/EngineMaterials/GizmoMaterial.uexp" 575
"../../../Engine/Content/EngineMaterials/Good64x64TilingNoiseHighFreq.uasset" 576
"../../../Engine/Content/EngineMaterials/Good64x64TilingNoiseHighFreq.uexp" 577
"../../../Engine/Content/EngineMaterials/MiniFont.uasset" 578
"../../../Engine/Content/EngineMaterials/MiniFont.uexp" 579
"../../../Engine/Content/EngineMaterials/InvalidLightmapSettings.uasset" 580
"../../../Engine/Content/EngineMaterials/InvalidLightmapSettings.uexp" 581
"../../../Engine/Content/EngineMaterials/InvalidLightmapSettings.ubulk" 582
"../../../Engine/Content/EngineMaterials/M_InvalidLightmapSettings.uasset" 583
"../../../Engine/Content/EngineMaterials/M_InvalidLightmapSettings.uexp" 584
"../../../Engine/Content/Functions/Engine_MaterialFunctions02/WorldPositionOffset/CameraOffset.uasset" 585
"../../../Engine/Content/Functions/Engine_MaterialFunctions02/WorldPositionOffset/CameraOffset.uexp" 586
"../../../Engine/Content/EngineMaterials/PhAT_JointLimitMaterial.uasset" 587
"../../../Engine/Content/EngineMaterials/PhAT_JointLimitMaterial.uexp" 588
"../../../Engine/Content/EngineMaterials/DefaultCalibrationColor.uasset" 589
"../../../Engine/Content/EngineMaterials/DefaultCalibrationColor.uexp" 590
"../../../Engine/Content/EngineMaterials/PPM_DefaultCalibrationColor.uasset" 591
"../../../Engine/Content/EngineMaterials/PPM_DefaultCalibrationColor.uexp" 592
"../../../Engine/Content/EngineMaterials/DefaultCalibrationGrayscale.uasset" 593
"../../../Engine/Content/EngineMaterials/DefaultCalibrationGrayscale.uexp" 594
"../../../Engine/Content/EngineMaterials/PPM_DefaultCalibrationGrayscale.uasset" 595
"../../../Engine/Content/EngineMaterials/PPM_DefaultCalibrationGrayscale.uexp" 596
"../../../Engine/Content/EngineMaterials/PreintegratedSkinBRDF.uasset" 597
"../../../Engine/Content/EngineMaterials/PreintegratedSkinBRDF.uexp" 598
"../../../Engine/Content/EngineMaterials/RemoveSurfaceMaterial.uasset" 599
"../../../Engine/Content/EngineMaterials/RemoveSurfaceMaterial.uexp" 600
"../../../Engine/Content/EngineMaterials/WeightMapPlaceholderTexture.uasset" 601
"../../../Engine/Content/EngineMaterials/WeightMapPlaceholderTexture.uexp" 602
"../../../Engine/Content/EngineResources/WhiteSquareTexture.uasset" 603
"../../../Engine/Content/EngineResources/WhiteSquareTexture.uexp" 604
"../../../Engine/Content/EngineMaterials/Widget3DPassThrough.uasset" 605
"../../../Engine/Content/EngineMaterials/Widget3DPassThrough.uexp" 606
"../../../Engine/Content/EngineMaterials/Widget3DPassThrough_Masked.uasset" 607
"../../../Engine/Content/EngineMaterials/Widget3DPassThrough_Masked.uexp" 608
"../../../Engine/Content/EngineMaterials/Widget3DPassThrough_Opaque.uasset" 609
"../../../Engine/Content/EngineMaterials/Widget3DPassThrough_Opaque.uexp" 610
"../../../Engine/Content/EngineMaterials/Widget3DPassThrough_Masked_OneSided.uasset" 611
"../../../Engine/Content/EngineMaterials/Widget3DPassThrough_Masked_OneSided.uexp" 612
"../../../Engine/Content/EngineMaterials/Widget3DPassThrough_Opaque_OneSided.uasset" 613
"../../../Engine/Content/EngineMaterials/Widget3DPassThrough_Opaque_OneSided.uexp" 614
"../../../Engine/Content/EngineMaterials/Widget3DPassThrough_Translucent.uasset" 615
"../../../Engine/Content/EngineMaterials/Widget3DPassThrough_Translucent.uexp" 616
"../../../Engine/Content/EngineMaterials/Widget3DPassThrough_Translucent_OneSided.uasset" 617
"../../../Engine/Content/EngineMaterials/Widget3DPassThrough_Translucent_OneSided.uexp" 618
"../../../Engine/Content/EngineMeshes/Cylinder.uasset" 619
"../../../Engine/Content/EngineMeshes/Cylinder.uexp" 620
"../../../Engine/Content/EngineMeshes/Sphere.uasset" 621
"../../../Engine/Content/EngineMeshes/Sphere.uexp" 622
"../../../Engine/Content/EngineResources/DefaultTexture.uasset" 623
"../../../Engine/Content/EngineResources/DefaultTexture.uexp" 624
"../../../Engine/Content/EngineResources/DefaultTexture.ubulk" 625
"../../../Engine/Content/EngineResources/DefaultTextureCube.uasset" 626
"../../../Engine/Content/EngineResources/DefaultTextureCube.uexp" 627
"../../../Engine/Content/EngineResources/DefaultVolumeTexture2D.uasset" 628
"../../../Engine/Content/EngineResources/DefaultVolumeTexture2D.uexp" 629
"../../../Engine/Content/EngineResources/DefaultVolumeTexture.uasset" 630
"../../../Engine/Content/EngineResources/DefaultVolumeTexture.uexp" 631
"../../../Engine/Content/EngineResources/GradientTexture0.uasset" 632
"../../../Engine/Content/EngineResources/GradientTexture0.uexp" 633
"../../../Engine/Content/EngineSky/VolumetricClouds/T_NoiseShape64.uasset" 634
"../../../Engine/Content/EngineSky/VolumetricClouds/T_NoiseShape64.uexp" 635
"../../../Engine/Content/EngineSky/VolumetricClouds/T_NoiseShape64.ubulk" 636
"../../../Engine/Content/EngineSky/VolumetricClouds/T_VolumeNoiseShape64.uasset" 637
"../../../Engine/Content/EngineSky/VolumetricClouds/T_VolumeNoiseShape64.uexp" 638
"../../../Engine/Content/EngineSky/VolumetricClouds/T_NoiseErosion.uasset" 639
"../../../Engine/Content/EngineSky/VolumetricClouds/T_NoiseErosion.uexp" 640
"../../../Engine/Content/EngineSky/VolumetricClouds/T_NoiseErosion.ubulk" 641
"../../../Engine/Content/EngineSky/VolumetricClouds/T_VolumeNoiseErosion32.uasset" 642
"../../../Engine/Content/EngineSky/VolumetricClouds/T_VolumeNoiseErosion32.uexp" 643
"../../../Engine/Content/EngineSky/VolumetricClouds/CloudWeatherTexture.uasset" 644
"../../../Engine/Content/EngineSky/VolumetricClouds/CloudWeatherTexture.uexp" 645
"../../../Engine/Content/EngineSky/VolumetricClouds/CloudGradientTexture.uasset" 646
"../../../Engine/Content/EngineSky/VolumetricClouds/CloudGradientTexture.uexp" 647
"../../../Engine/Content/Functions/Engine_MaterialFunctions02/Utility/MakeFloat2.uasset" 648
"../../../Engine/Content/Functions/Engine_MaterialFunctions02/Utility/MakeFloat2.uexp" 649
"../../../Engine/Content/EngineSky/VolumetricClouds/m_SimpleVolumetricCloud.uasset" 650
"../../../Engine/Content/EngineSky/VolumetricClouds/m_SimpleVolumetricCloud.uexp" 651
"../../../Engine/Content/EngineSky/VolumetricClouds/m_SimpleVolumetricCloud_Inst.uasset" 652
"../../../Engine/Content/EngineSky/VolumetricClouds/m_SimpleVolumetricCloud_Inst.uexp" 653
"../../../Engine/Content/EngineSounds/Master.uasset" 654
"../../../Engine/Content/EngineSounds/Master.uexp" 655
"../../../Engine/Content/Functions/Engine_MaterialFunctions01/Shading/PowerToRoughness.uasset" 656
"../../../Engine/Content/Functions/Engine_MaterialFunctions01/Shading/PowerToRoughness.uexp" 657
"../../../Engine/Content/Maps/Templates/Thumbnails/Default.uasset" 658
"../../../Engine/Content/Maps/Templates/Thumbnails/Default.uexp" 659
"../../../Engine/Content/Maps/Templates/Thumbnails/TimeOfDay.uasset" 660
"../../../Engine/Content/Maps/Templates/Thumbnails/TimeOfDay.uexp" 661
"../../../Engine/Content/Maps/Templates/Thumbnails/VR-Basic.uasset" 662
"../../../Engine/Content/Maps/Templates/Thumbnails/VR-Basic.uexp" 663
"../../../Engine/Content/MobileResources/T_MobileControls_texture.uasset" 664
"../../../Engine/Content/MobileResources/T_MobileControls_texture.uexp" 665
"../../../Engine/Content/MobileResources/T_MobileMenu2.uasset" 666
"../../../Engine/Content/MobileResources/T_MobileMenu2.uexp" 667
"../../../Engine/Content/MobileResources/HUD/AnalogHat.uasset" 668
"../../../Engine/Content/MobileResources/HUD/AnalogHat.uexp" 669
"../../../Engine/Content/MobileResources/HUD/VirtualJoystick_Thumb.uasset" 670
"../../../Engine/Content/MobileResources/HUD/VirtualJoystick_Thumb.uexp" 671
"../../../Engine/Content/MobileResources/HUD/VirtualJoystick_Background.uasset" 672
"../../../Engine/Content/MobileResources/HUD/VirtualJoystick_Background.uexp" 673
"../../../Engine/Content/MobileResources/HUD/DefaultVirtualJoysticks.uasset" 674
"../../../Engine/Content/MobileResources/HUD/DefaultVirtualJoysticks.uexp" 675
"../../../Engine/Content/MobileResources/HUD/LeftVirtualJoystickOnly.uasset" 676
"../../../Engine/Content/MobileResources/HUD/LeftVirtualJoystickOnly.uexp" 677
"../../../Engine/Content/MobileResources/HUD/MobileHUDButton1_off.uasset" 678
"../../../Engine/Content/MobileResources/HUD/MobileHUDButton1_off.uexp" 679
"../../../Engine/Content/MobileResources/HUD/MobileHUDButton1_on.uasset" 680
"../../../Engine/Content/MobileResources/HUD/MobileHUDButton1_on.uexp" 681
"../../../Engine/Content/MobileResources/HUD/MobileHUDButton2_off.uasset" 682
"../../../Engine/Content/MobileResources/HUD/MobileHUDButton2_off.uexp" 683
"../../../Engine/Content/MobileResources/HUD/MobileHUDButton2_on.uasset" 684
"../../../Engine/Content/MobileResources/HUD/MobileHUDButton2_on.uexp" 685
"../../../Engine/Content/MobileResources/HUD/MobileHUDButton3.uasset" 686
"../../../Engine/Content/MobileResources/HUD/MobileHUDButton3.uexp" 687
"../../../Engine/Content/MobileResources/HUD/MobileHUDButtonFire.uasset" 688
"../../../Engine/Content/MobileResources/HUD/MobileHUDButtonFire.uexp" 689
"../../../Engine/Content/MobileResources/HUD/MobileHUDDirectionPad.uasset" 690
"../../../Engine/Content/MobileResources/HUD/MobileHUDDirectionPad.uexp" 691
"../../../Engine/Content/MobileResources/HUD/MobileHUDDirectionPad2.uasset" 692
"../../../Engine/Content/MobileResources/HUD/MobileHUDDirectionPad2.uexp" 693
"../../../Engine/Content/MobileResources/HUD/MobileHUDDirectionPad3.uasset" 694
"../../../Engine/Content/MobileResources/HUD/MobileHUDDirectionPad3.uexp" 695
"../../../Engine/Content/MobileResources/HUD/MobileHUDDirectionStick.uasset" 696
"../../../Engine/Content/MobileResources/HUD/MobileHUDDirectionStick.uexp" 697
"../../../Engine/Content/MobileResources/HUD/T_Castle_ThumbstickInner.uasset" 698
"../../../Engine/Content/MobileResources/HUD/T_Castle_ThumbstickInner.uexp" 699
"../../../Engine/Content/MobileResources/HUD/T_Castle_ThumbstickOutter.uasset" 700
"../../../Engine/Content/MobileResources/HUD/T_Castle_ThumbstickOutter.uexp" 701
"../../../Engine/Content/Tutorial/ContentIntroCurve.uasset" 702
"../../../Engine/Content/Tutorial/ContentIntroCurve.uexp" 703
"../../../Engine/Content/Tutorial/Basics/TutorialAssets/icon_tab_Levels_40x.uasset" 704
"../../../Engine/Content/Tutorial/Basics/TutorialAssets/icon_tab_Levels_40x.uexp" 705
"../../../Engine/Content/Tutorial/BlueprintTutorials/TutorialAssets/Blueprint_64x.uasset" 706
"../../../Engine/Content/Tutorial/BlueprintTutorials/TutorialAssets/Blueprint_64x.uexp" 707
"../../../Engine/Content/Tutorial/Foliage/TutorialAssets/Foliage.uasset" 708
"../../../Engine/Content/Tutorial/Foliage/TutorialAssets/Foliage.uexp" 709
"../../../Engine/Content/Tutorial/Landscape/TutorialAssets/Landscape.uasset" 710
"../../../Engine/Content/Tutorial/Landscape/TutorialAssets/Landscape.uexp" 711
"../../../Engine/Content/EditorBlueprintResources/StandardMacros.uasset" 712
"../../../Engine/Content/EditorBlueprintResources/StandardMacros.uexp" 713
"../../../Engine/Content/VREditor/TransformGizmo/TranslucentTransformGizmoMaterial.uasset" 714
"../../../Engine/Content/VREditor/TransformGizmo/TranslucentTransformGizmoMaterial.uexp" 715
"../../../Engine/Content/VREditor/LaserPointer/VR_LaserPower_01.uasset" 716
"../../../Engine/Content/VREditor/LaserPointer/VR_LaserPower_01.uexp" 717
"../../../Engine/Content/VREditor/LaserPointer/VR_LaserPower_01.ubulk" 718
"../../../Engine/Content/VREditor/TransformGizmo/TransformGizmoMaterial.uasset" 719
"../../../Engine/Content/VREditor/TransformGizmo/TransformGizmoMaterial.uexp" 720
"../../../Engine/Content/VREditor/TransformGizmo/BoundingBoxCorner.uasset" 721
"../../../Engine/Content/VREditor/TransformGizmo/BoundingBoxCorner.uexp" 722
"../../../Engine/Content/VREditor/TransformGizmo/BoundingBoxEdge.uasset" 723
"../../../Engine/Content/VREditor/TransformGizmo/BoundingBoxEdge.uexp" 724
"../../../Engine/Content/VREditor/TransformGizmo/PlaneTranslationHandle.uasset" 725
"../../../Engine/Content/VREditor/TransformGizmo/PlaneTranslationHandle.uexp" 726
"../../../Engine/Content/VREditor/TransformGizmo/Xray.uasset" 727
"../../../Engine/Content/VREditor/TransformGizmo/Xray.uexp" 728
"../../../Engine/Content/VREditor/TransformGizmo/Main.uasset" 729
"../../../Engine/Content/VREditor/TransformGizmo/Main.uexp" 730
"../../../Engine/Content/VREditor/TransformGizmo/SM_Sequencer_Key.uasset" 731
"../../../Engine/Content/VREditor/TransformGizmo/SM_Sequencer_Key.uexp" 732
"../../../Engine/Content/VREditor/TransformGizmo/SM_Sequencer_Node.uasset" 733
"../../../Engine/Content/VREditor/TransformGizmo/SM_Sequencer_Node.uexp" 734
"../../../Engine/Plugins/2D/Paper2D/Content/PlaceholderTextures/DummySpriteTexture.uasset" 735
"../../../Engine/Plugins/2D/Paper2D/Content/PlaceholderTextures/DummySpriteTexture.uexp" 736
"../../../Engine/Plugins/2D/Paper2D/Content/PlaceholderTextures/DummySpriteTexture.ubulk" 737
"../../../Engine/Plugins/2D/Paper2D/Content/DummySprite.uasset" 738
"../../../Engine/Plugins/2D/Paper2D/Content/DummySprite.uexp" 739
"../../../Engine/Plugins/2D/Paper2D/Content/DefaultPaperTerrainMaterial.uasset" 740
"../../../Engine/Plugins/2D/Paper2D/Content/DefaultPaperTerrainMaterial.uexp" 741
"../../../Engine/Plugins/2D/Paper2D/Content/DefaultSpriteMaterial.uasset" 742
"../../../Engine/Plugins/2D/Paper2D/Content/DefaultSpriteMaterial.uexp" 743
"../../../Engine/Plugins/2D/Paper2D/Content/MaskedUnlitSpriteMaterial.uasset" 744
"../../../Engine/Plugins/2D/Paper2D/Content/MaskedUnlitSpriteMaterial.uexp" 745
"../../../Engine/Plugins/2D/Paper2D/Content/OpaqueUnlitSpriteMaterial.uasset" 746
"../../../Engine/Plugins/2D/Paper2D/Content/OpaqueUnlitSpriteMaterial.uexp" 747
"../../../Engine/Content/ArtTools/RenderToTexture/Materials/Debug/M_Emissive_Color.uasset" 748
"../../../Engine/Content/ArtTools/RenderToTexture/Materials/Debug/M_Emissive_Color.uexp" 749
"../../../Engine/Content/BasicShapes/Cylinder.uasset" 750
"../../../Engine/Content/BasicShapes/Cylinder.uexp" 751
"../../../Engine/Plugins/Lumin/MagicLeapPassableWorld/Content/MagicLeapARPinInfoActor.uasset" 752
"../../../Engine/Plugins/Lumin/MagicLeapPassableWorld/Content/MagicLeapARPinInfoActor.uexp" 753
"../../../Engine/Plugins/Runtime/OpenXR/Content/Devices/GoogleDaydream/MRTexture.uasset" 754
"../../../Engine/Plugins/Runtime/OpenXR/Content/Devices/GoogleDaydream/MRTexture.uexp" 755
"../../../Engine/Plugins/Runtime/OpenXR/Content/Devices/GoogleDaydream/MRTexture.ubulk" 756
"../../../Engine/Plugins/Runtime/OpenXR/Content/Devices/GoogleDaydream/BaseTexture.uasset" 757
"../../../Engine/Plugins/Runtime/OpenXR/Content/Devices/GoogleDaydream/BaseTexture.uexp" 758
"../../../Engine/Plugins/Runtime/OpenXR/Content/Devices/GoogleDaydream/BaseTexture.ubulk" 759
"../../../Engine/Content/EngineResources/Black.uasset" 760
"../../../Engine/Content/EngineResources/Black.uexp" 761
"../../../Engine/Plugins/Runtime/OpenXR/Content/Devices/M_XRController.uasset" 762
"../../../Engine/Plugins/Runtime/OpenXR/Content/Devices/M_XRController.uexp" 763
"../../../Engine/Plugins/Runtime/OpenXR/Content/Devices/GoogleDaydream/MI_GoogleDaydream.uasset" 764
"../../../Engine/Plugins/Runtime/OpenXR/Content/Devices/GoogleDaydream/MI_GoogleDaydream.uexp" 765
"../../../Engine/Plugins/Runtime/OpenXR/Content/Devices/GoogleDaydream/GoogleDaydreamController.uasset" 766
"../../../Engine/Plugins/Runtime/OpenXR/Content/Devices/GoogleDaydream/GoogleDaydreamController.uexp" 767
"../../../Engine/Plugins/Runtime/OpenXR/Content/Devices/HTCVive/BaseTexture.uasset" 768
"../../../Engine/Plugins/Runtime/OpenXR/Content/Devices/HTCVive/BaseTexture.uexp" 769
"../../../Engine/Plugins/Runtime/OpenXR/Content/Devices/HTCVive/BaseTexture.ubulk" 770
"../../../Engine/Plugins/Runtime/OpenXR/Content/Devices/HTCVive/MI_HTCVive.uasset" 771
"../../../Engine/Plugins/Runtime/OpenXR/Content/Devices/HTCVive/MI_HTCVive.uexp" 772
"../../../Engine/Plugins/Runtime/OpenXR/Content/Devices/HTCVive/HTCViveController.uasset" 773
"../../../Engine/Plugins/Runtime/OpenXR/Content/Devices/HTCVive/HTCViveController.uexp" 774
"../../../Engine/Plugins/Runtime/OpenXR/Content/Devices/MicrosoftMixedReality/NormalTexture.uasset" 775
"../../../Engine/Plugins/Runtime/OpenXR/Content/Devices/MicrosoftMixedReality/NormalTexture.uexp" 776
"../../../Engine/Plugins/Runtime/OpenXR/Content/Devices/MicrosoftMixedReality/NormalTexture.ubulk" 777
"../../../Engine/Plugins/Runtime/OpenXR/Content/Devices/MicrosoftMixedReality/MRTexture.uasset" 778
"../../../Engine/Plugins/Runtime/OpenXR/Content/Devices/MicrosoftMixedReality/MRTexture.uexp" 779
"../../../Engine/Plugins/Runtime/OpenXR/Content/Devices/MicrosoftMixedReality/MRTexture.ubulk" 780
"../../../Engine/Plugins/Runtime/OpenXR/Content/Devices/MicrosoftMixedReality/EmissiveTexture.uasset" 781
"../../../Engine/Plugins/Runtime/OpenXR/Content/Devices/MicrosoftMixedReality/EmissiveTexture.uexp" 782
"../../../Engine/Plugins/Runtime/OpenXR/Content/Devices/MicrosoftMixedReality/EmissiveTexture.ubulk" 783
"../../../Engine/Plugins/Runtime/OpenXR/Content/Devices/MicrosoftMixedReality/BaseTexture.uasset" 784
"../../../Engine/Plugins/Runtime/OpenXR/Content/Devices/MicrosoftMixedReality/BaseTexture.uexp" 785
"../../../Engine/Plugins/Runtime/OpenXR/Content/Devices/MicrosoftMixedReality/BaseTexture.ubulk" 786
"../../../Engine/Plugins/Runtime/OpenXR/Content/Devices/MicrosoftMixedReality/MI_MicrosoftMixedReality.uasset" 787
"../../../Engine/Plugins/Runtime/OpenXR/Content/Devices/MicrosoftMixedReality/MI_MicrosoftMixedReality.uexp" 788
"../../../Engine/Plugins/Runtime/OpenXR/Content/Devices/MicrosoftMixedReality/Left/left_MicrosoftMixedRealityController.uasset" 789
"../../../Engine/Plugins/Runtime/OpenXR/Content/Devices/MicrosoftMixedReality/Left/left_MicrosoftMixedRealityController.uexp" 790
"../../../Engine/Plugins/Runtime/OpenXR/Content/Devices/MicrosoftMixedReality/Right/right_MicrosoftMixedRealityController.uasset" 791
"../../../Engine/Plugins/Runtime/OpenXR/Content/Devices/MicrosoftMixedReality/Right/right_MicrosoftMixedRealityController.uexp" 792
"../../../Engine/Plugins/Runtime/OpenXR/Content/Devices/OculusGo/BaseTexture.uasset" 793
"../../../Engine/Plugins/Runtime/OpenXR/Content/Devices/OculusGo/BaseTexture.uexp" 794
"../../../Engine/Plugins/Runtime/OpenXR/Content/Devices/OculusGo/BaseTexture.ubulk" 795
"../../../Engine/Plugins/Runtime/OpenXR/Content/Devices/OculusGo/MI_OculusGo.uasset" 796
"../../../Engine/Plugins/Runtime/OpenXR/Content/Devices/OculusGo/MI_OculusGo.uexp" 797
"../../../Engine/Plugins/Runtime/OpenXR/Content/Devices/OculusGo/OculusGoController.uasset" 798
"../../../Engine/Plugins/Runtime/OpenXR/Content/Devices/OculusGo/OculusGoController.uexp" 799
"../../../Engine/Plugins/Runtime/OpenXR/Content/Devices/OculusTouch/MRTexture.uasset" 800
"../../../Engine/Plugins/Runtime/OpenXR/Content/Devices/OculusTouch/MRTexture.uexp" 801
"../../../Engine/Plugins/Runtime/OpenXR/Content/Devices/OculusTouch/MRTexture.ubulk" 802
"../../../Engine/Plugins/Runtime/OpenXR/Content/Devices/OculusTouch/BaseTexture.uasset" 803
"../../../Engine/Plugins/Runtime/OpenXR/Content/Devices/OculusTouch/BaseTexture.uexp" 804
"../../../Engine/Plugins/Runtime/OpenXR/Content/Devices/OculusTouch/BaseTexture.ubulk" 805
"../../../Engine/Plugins/Runtime/OpenXR/Content/Devices/OculusTouch/MI_OculusTouch.uasset" 806
"../../../Engine/Plugins/Runtime/OpenXR/Content/Devices/OculusTouch/MI_OculusTouch.uexp" 807
"../../../Engine/Plugins/Runtime/OpenXR/Content/Devices/OculusTouch/Left/left_OculusTouchController.uasset" 808
"../../../Engine/Plugins/Runtime/OpenXR/Content/Devices/OculusTouch/Left/left_OculusTouchController.uexp" 809
"../../../Engine/Plugins/Runtime/OpenXR/Content/Devices/OculusTouch/Right/right_OculusTouchController.uasset" 810
"../../../Engine/Plugins/Runtime/OpenXR/Content/Devices/OculusTouch/Right/right_OculusTouchController.uexp" 811
"../../../Engine/Plugins/Runtime/OpenXR/Content/Devices/OculusTouch_v2/MRTexture.uasset" 812
"../../../Engine/Plugins/Runtime/OpenXR/Content/Devices/OculusTouch_v2/MRTexture.uexp" 813
"../../../Engine/Plugins/Runtime/OpenXR/Content/Devices/OculusTouch_v2/MRTexture.ubulk" 814
"../../../Engine/Plugins/Runtime/OpenXR/Content/Devices/OculusTouch_v2/BaseTexture.uasset" 815
"../../../Engine/Plugins/Runtime/OpenXR/Content/Devices/OculusTouch_v2/BaseTexture.uexp" 816
"../../../Engine/Plugins/Runtime/OpenXR/Content/Devices/OculusTouch_v2/BaseTexture.ubulk" 817
"../../../Engine/Plugins/Runtime/OpenXR/Content/Devices/OculusTouch_v2/MI_OculusTouch_v2.uasset" 818
"../../../Engine/Plugins/Runtime/OpenXR/Content/Devices/OculusTouch_v2/MI_OculusTouch_v2.uexp" 819
"../../../Engine/Plugins/Runtime/OpenXR/Content/Devices/OculusTouch_v2/Left/left_OculusTouch_v2Controller.uasset" 820
"../../../Engine/Plugins/Runtime/OpenXR/Content/Devices/OculusTouch_v2/Left/left_OculusTouch_v2Controller.uexp" 821
"../../../Engine/Plugins/Runtime/OpenXR/Content/Devices/OculusTouch_v2/Right/right_OculusTouch_v2Controller.uasset" 822
"../../../Engine/Plugins/Runtime/OpenXR/Content/Devices/OculusTouch_v2/Right/right_OculusTouch_v2Controller.uexp" 823
"../../../Engine/Plugins/Runtime/OpenXR/Content/Devices/OculusTouch_v3/MRTexture.uasset" 824
"../../../Engine/Plugins/Runtime/OpenXR/Content/Devices/OculusTouch_v3/MRTexture.uexp" 825
"../../../Engine/Plugins/Runtime/OpenXR/Content/Devices/OculusTouch_v3/MRTexture.ubulk" 826
"../../../Engine/Plugins/Runtime/OpenXR/Content/Devices/OculusTouch_v3/BaseTexture.uasset" 827
"../../../Engine/Plugins/Runtime/OpenXR/Content/Devices/OculusTouch_v3/BaseTexture.uexp" 828
"../../../Engine/Plugins/Runtime/OpenXR/Content/Devices/OculusTouch_v3/BaseTexture.ubulk" 829
"../../../Engine/Plugins/Runtime/OpenXR/Content/Devices/OculusTouch_v3/MI_OculusTouch_v3.uasset" 830
"../../../Engine/Plugins/Runtime/OpenXR/Content/Devices/OculusTouch_v3/MI_OculusTouch_v3.uexp" 831
"../../../Engine/Plugins/Runtime/OpenXR/Content/Devices/OculusTouch_v3/Left/left_OculusTouch_v3Controller.uasset" 832
"../../../Engine/Plugins/Runtime/OpenXR/Content/Devices/OculusTouch_v3/Left/left_OculusTouch_v3Controller.uexp" 833
"../../../Engine/Plugins/Runtime/OpenXR/Content/Devices/OculusTouch_v3/Right/right_OculusTouch_v3Controller.uasset" 834
"../../../Engine/Plugins/Runtime/OpenXR/Content/Devices/OculusTouch_v3/Right/right_OculusTouch_v3Controller.uexp" 835
"../../../Engine/Plugins/Runtime/OpenXR/Content/Devices/ValveIndex/Left/left_MRTexture.uasset" 836
"../../../Engine/Plugins/Runtime/OpenXR/Content/Devices/ValveIndex/Left/left_MRTexture.uexp" 837
"../../../Engine/Plugins/Runtime/OpenXR/Content/Devices/ValveIndex/Left/left_MRTexture.ubulk" 838
"../../../Engine/Plugins/Runtime/OpenXR/Content/Devices/ValveIndex/Left/left_BaseTexture.uasset" 839
"../../../Engine/Plugins/Runtime/OpenXR/Content/Devices/ValveIndex/Left/left_BaseTexture.uexp" 840
"../../../Engine/Plugins/Runtime/OpenXR/Content/Devices/ValveIndex/Left/left_BaseTexture.ubulk" 841
"../../../Engine/Plugins/Runtime/OpenXR/Content/Devices/ValveIndex/Left/MI_left_ValveIndex.uasset" 842
"../../../Engine/Plugins/Runtime/OpenXR/Content/Devices/ValveIndex/Left/MI_left_ValveIndex.uexp" 843
"../../../Engine/Plugins/Runtime/OpenXR/Content/Devices/ValveIndex/Left/left_ValveIndexController.uasset" 844
"../../../Engine/Plugins/Runtime/OpenXR/Content/Devices/ValveIndex/Left/left_ValveIndexController.uexp" 845
"../../../Engine/Plugins/Runtime/OpenXR/Content/Devices/ValveIndex/Right/right_MRTexture.uasset" 846
"../../../Engine/Plugins/Runtime/OpenXR/Content/Devices/ValveIndex/Right/right_MRTexture.uexp" 847
"../../../Engine/Plugins/Runtime/OpenXR/Content/Devices/ValveIndex/Right/right_MRTexture.ubulk" 848
"../../../Engine/Plugins/Runtime/OpenXR/Content/Devices/ValveIndex/Right/right_BaseTexture.uasset" 849
"../../../Engine/Plugins/Runtime/OpenXR/Content/Devices/ValveIndex/Right/right_BaseTexture.uexp" 850
"../../../Engine/Plugins/Runtime/OpenXR/Content/Devices/ValveIndex/Right/right_BaseTexture.ubulk" 851
"../../../Engine/Plugins/Runtime/OpenXR/Content/Devices/ValveIndex/Right/MI_right_ValveIndex.uasset" 852
"../../../Engine/Plugins/Runtime/OpenXR/Content/Devices/ValveIndex/Right/MI_right_ValveIndex.uexp" 853
"../../../Engine/Plugins/Runtime/OpenXR/Content/Devices/ValveIndex/Right/right_ValveIndexController.uasset" 854
"../../../Engine/Plugins/Runtime/OpenXR/Content/Devices/ValveIndex/Right/right_ValveIndexController.uexp" 855
"../../../Engine/Content/Functions/Engine_MaterialFunctions02/Utility/BreakOutFloat3Components.uasset" 856
"../../../Engine/Content/Functions/Engine_MaterialFunctions02/Utility/BreakOutFloat3Components.uexp" 857
"../../../Engine/Plugins/Editor/SpeedTreeImporter/Content/SpeedTree9/UnpackInteger3.uasset" 858
"../../../Engine/Plugins/Editor/SpeedTreeImporter/Content/SpeedTree9/UnpackInteger3.uexp" 859
"../../../Engine/Plugins/Editor/SpeedTreeImporter/Content/SpeedTree9/UnpackDirection.uasset" 860
"../../../Engine/Plugins/Editor/SpeedTreeImporter/Content/SpeedTree9/UnpackDirection.uexp" 861
"../../../Engine/Plugins/Editor/SpeedTreeImporter/Content/SpeedTree9/game_wind_noise.uasset" 862
"../../../Engine/Plugins/Editor/SpeedTreeImporter/Content/SpeedTree9/game_wind_noise.uexp" 863
"../../../Engine/Plugins/Editor/SpeedTreeImporter/Content/SpeedTree9/game_wind_noise.ubulk" 864
"../../../Engine/Content/Functions/Engine_MaterialFunctions02/SafeNormalize.uasset" 865
"../../../Engine/Content/Functions/Engine_MaterialFunctions02/SafeNormalize.uexp" 866
"../../../Engine/Plugins/Editor/SpeedTreeImporter/Content/SpeedTree9/SpeedTreeWindMotion.uasset" 867
"../../../Engine/Plugins/Editor/SpeedTreeImporter/Content/SpeedTree9/SpeedTreeWindMotion.uexp" 868
"../../../Engine/Plugins/Editor/SpeedTreeImporter/Content/SpeedTree9/SpeedTreeBranchMotion.uasset" 869
"../../../Engine/Plugins/Editor/SpeedTreeImporter/Content/SpeedTree9/SpeedTreeBranchMotion.uexp" 870
"../../../Engine/Content/Functions/Engine_MaterialFunctions02/ObjectLocalBounds.uasset" 871
"../../../Engine/Content/Functions/Engine_MaterialFunctions02/ObjectLocalBounds.uexp" 872
"../../../Engine/Content/Functions/Engine_MaterialFunctions02/UVs/BoundingBoxBased_0-1_UVW.uasset" 873
"../../../Engine/Content/Functions/Engine_MaterialFunctions02/UVs/BoundingBoxBased_0-1_UVW.uexp" 874
"../../../Engine/Content/Functions/Engine_MaterialFunctions02/Utility/VectorLength.uasset" 875
"../../../Engine/Content/Functions/Engine_MaterialFunctions02/Utility/VectorLength.uexp" 876
"../../../Engine/Content/Functions/Engine_MaterialFunctions02/WorldPositionOffset/ObjectScale.uasset" 877
"../../../Engine/Content/Functions/Engine_MaterialFunctions02/WorldPositionOffset/ObjectScale.uexp" 878
"../../../Engine/Plugins/Editor/SpeedTreeImporter/Content/SpeedTree9/SpeedTreeWind.uasset" 879
"../../../Engine/Plugins/Editor/SpeedTreeImporter/Content/SpeedTree9/SpeedTreeWind.uexp" 880
"../../../Engine/Plugins/Editor/SpeedTreeImporter/Content/SpeedTree9/SpeedTreeBillboard.uasset" 881
"../../../Engine/Plugins/Editor/SpeedTreeImporter/Content/SpeedTree9/SpeedTreeBillboard.uexp" 882
"../../../Engine/Plugins/Editor/SpeedTreeImporter/Content/SpeedTree9/EmptyNormal.uasset" 883
"../../../Engine/Plugins/Editor/SpeedTreeImporter/Content/SpeedTree9/EmptyNormal.uexp" 884
"../../../Engine/Plugins/Editor/SpeedTreeImporter/Content/SpeedTree9/Empty.uasset" 885
"../../../Engine/Plugins/Editor/SpeedTreeImporter/Content/SpeedTree9/Empty.uexp" 886
"../../../Engine/Plugins/Editor/SpeedTreeImporter/Content/SpeedTree9/SpeedTreeBillboardMaster.uasset" 887
"../../../Engine/Plugins/Editor/SpeedTreeImporter/Content/SpeedTree9/SpeedTreeBillboardMaster.uexp" 888
"../../../Engine/Plugins/Editor/SpeedTreeImporter/Content/SpeedTree9/SpeedTreeCameraFacing.uasset" 889
"../../../Engine/Plugins/Editor/SpeedTreeImporter/Content/SpeedTree9/SpeedTreeCameraFacing.uexp" 890
"../../../Engine/Plugins/Editor/SpeedTreeImporter/Content/SpeedTree9/SpeedTreeMaster.uasset" 891
"../../../Engine/Plugins/Editor/SpeedTreeImporter/Content/SpeedTree9/SpeedTreeMaster.uexp" 892
"../../../Engine/Content/Functions/Engine_MaterialFunctions02/Utility/BreakOutFloat4Components.uasset" 893
"../../../Engine/Content/Functions/Engine_MaterialFunctions02/Utility/BreakOutFloat4Components.uexp" 894
"../../../Engine/Content/Functions/Engine_MaterialFunctions02/Utility/MakeFloat3.uasset" 895
"../../../Engine/Content/Functions/Engine_MaterialFunctions02/Utility/MakeFloat3.uexp" 896
"../../../Engine/Plugins/Runtime/Oculus/OculusVR/Content/Materials/OculusMR_ChromaKey.uasset" 897
"../../../Engine/Plugins/Runtime/Oculus/OculusVR/Content/Materials/OculusMR_ChromaKey.uexp" 898
"../../../Engine/Plugins/Runtime/Oculus/OculusVR/Content/Materials/OculusMR_OpaqueColoredMaterial.uasset" 899
"../../../Engine/Plugins/Runtime/Oculus/OculusVR/Content/Materials/OculusMR_OpaqueColoredMaterial.uexp" 900
"../../../Engine/Plugins/Runtime/Oculus/OculusVR/Content/Materials/PokeAHoleMaterial.uasset" 901
"../../../Engine/Plugins/Runtime/Oculus/OculusVR/Content/Materials/PokeAHoleMaterial.uexp" 902
"../../../Engine/Plugins/Runtime/Oculus/OculusVR/Content/Textures/touchController_controlmap.uasset" 903
"../../../Engine/Plugins/Runtime/Oculus/OculusVR/Content/Textures/touchController_controlmap.uexp" 904
"../../../Engine/Plugins/Runtime/Oculus/OculusVR/Content/Textures/touchController_controlmap.ubulk" 905
"../../../Engine/Plugins/Runtime/Oculus/OculusVR/Content/Textures/touchController_albedo.uasset" 906
"../../../Engine/Plugins/Runtime/Oculus/OculusVR/Content/Textures/touchController_albedo.uexp" 907
"../../../Engine/Plugins/Runtime/Oculus/OculusVR/Content/Textures/touchController_albedo.ubulk" 908
"../../../Engine/Plugins/Runtime/Oculus/OculusVR/Content/Materials/touchController_mat.uasset" 909
"../../../Engine/Plugins/Runtime/Oculus/OculusVR/Content/Materials/touchController_mat.uexp" 910
"../../../Engine/Plugins/Runtime/Oculus/OculusVR/Content/Meshes/LeftTouchController.uasset" 911
"../../../Engine/Plugins/Runtime/Oculus/OculusVR/Content/Meshes/LeftTouchController.uexp" 912
"../../../Engine/Plugins/Runtime/Oculus/OculusVR/Content/Textures/TouchForQuestRiftSController_albedo.uasset" 913
"../../../Engine/Plugins/Runtime/Oculus/OculusVR/Content/Textures/TouchForQuestRiftSController_albedo.uexp" 914
"../../../Engine/Plugins/Runtime/Oculus/OculusVR/Content/Textures/TouchForQuestRiftSController_albedo.ubulk" 915
"../../../Engine/Plugins/Runtime/Oculus/OculusVR/Content/Materials/TouchForQuestRiftSControllerMaterial.uasset" 916
"../../../Engine/Plugins/Runtime/Oculus/OculusVR/Content/Materials/TouchForQuestRiftSControllerMaterial.uexp" 917
"../../../Engine/Plugins/Runtime/Oculus/OculusVR/Content/Meshes/LeftTouchForQuestRiftSController.uasset" 918
"../../../Engine/Plugins/Runtime/Oculus/OculusVR/Content/Meshes/LeftTouchForQuestRiftSController.uexp" 919
"../../../Engine/Plugins/Runtime/Oculus/OculusVR/Content/Meshes/RiftHMD.uasset" 920
"../../../Engine/Plugins/Runtime/Oculus/OculusVR/Content/Meshes/RiftHMD.uexp" 921
"../../../Engine/Plugins/Runtime/Oculus/OculusVR/Content/Meshes/RightTouchController.uasset" 922
"../../../Engine/Plugins/Runtime/Oculus/OculusVR/Content/Meshes/RightTouchController.uexp" 923
"../../../Engine/Plugins/Runtime/Oculus/OculusVR/Content/Meshes/RightTouchForQuestRiftSController.uasset" 924
"../../../Engine/Plugins/Runtime/Oculus/OculusVR/Content/Meshes/RightTouchForQuestRiftSController.uexp" 925
"../../../Engine/Content/EngineSky/T_Sky_Stars.uasset" 926
"../../../Engine/Content/EngineSky/T_Sky_Stars.uexp" 927
"../../../Engine/Content/EngineSky/T_Sky_Stars.ubulk" 928
"../../../Engine/Content/EngineSky/T_Sky_Clouds_M.uasset" 929
"../../../Engine/Content/EngineSky/T_Sky_Clouds_M.uexp" 930
"../../../Engine/Content/EngineSky/T_Sky_Clouds_M.ubulk" 931
"../../../Engine/Content/EngineSky/T_Sky_Blue.uasset" 932
"../../../Engine/Content/EngineSky/T_Sky_Blue.uexp" 933
"../../../Engine/Content/EngineSky/T_Sky_Blue.ubulk" 934
"X:/Unreal Projects/ProjectGlow/Content/StarterContent/Textures/T_Metal_Rust_D.uasset" 935
"X:/Unreal Projects/ProjectGlow/Content/StarterContent/Textures/T_Metal_Rust_D.uexp" 936
"X:/Unreal Projects/ProjectGlow/Content/StarterContent/Textures/T_Metal_Rust_D.ubulk" 937
"X:/Unreal Projects/ProjectGlow/Content/StarterContent/Materials/M_Metal_Rust.uasset" 938
"X:/Unreal Projects/ProjectGlow/Content/StarterContent/Materials/M_Metal_Rust.uexp" 939
"X:/Unreal Projects/ProjectGlow/Content/StarterContent/Textures/T_Metal_Gold_D.uasset" 940
"X:/Unreal Projects/ProjectGlow/Content/StarterContent/Textures/T_Metal_Gold_D.uexp" 941
"X:/Unreal Projects/ProjectGlow/Content/StarterContent/Textures/T_Metal_Gold_D.ubulk" 942
"X:/Unreal Projects/ProjectGlow/Content/StarterContent/Materials/M_Metal_Gold.uasset" 943
"X:/Unreal Projects/ProjectGlow/Content/StarterContent/Materials/M_Metal_Gold.uexp" 944
"X:/Unreal Projects/ProjectGlow/Content/StarterContent/Materials/M_Metal_Brushed_Nickel.uasset" 945
"X:/Unreal Projects/ProjectGlow/Content/StarterContent/Materials/M_Metal_Brushed_Nickel.uexp" 946
"../../../Engine/Content/EngineSky/M_Sky_Panning_Clouds2.uasset" 947
"../../../Engine/Content/EngineSky/M_Sky_Panning_Clouds2.uexp" 948
"X:/Unreal Projects/ProjectGlow/Content/StarterContent/Maps/Minimal_Default_BuiltData.uasset" 949
"X:/Unreal Projects/ProjectGlow/Content/StarterContent/Maps/Minimal_Default_BuiltData.uexp" 950
"X:/Unreal Projects/ProjectGlow/Content/StarterContent/Maps/Minimal_Default_BuiltData.ubulk" 951
"../../../Engine/Content/EngineSky/SM_SkySphere.uasset" 952
"../../../Engine/Content/EngineSky/SM_SkySphere.uexp" 953
"../../../Engine/Content/EngineSky/C_Sky_Zenith_Color.uasset" 954
"../../../Engine/Content/EngineSky/C_Sky_Zenith_Color.uexp" 955
"../../../Engine/Content/EngineSky/C_Sky_Horizon_Color.uasset" 956
"../../../Engine/Content/EngineSky/C_Sky_Horizon_Color.uexp" 957
"../../../Engine/Content/EngineSky/C_Sky_Cloud_Color.uasset" 958
"../../../Engine/Content/EngineSky/C_Sky_Cloud_Color.uexp" 959
"../../../Engine/Content/EngineSky/BP_Sky_Sphere.uasset" 960
"../../../Engine/Content/EngineSky/BP_Sky_Sphere.uexp" 961
"X:/Unreal Projects/ProjectGlow/Content/StarterContent/Materials/M_Basic_Floor.uasset" 962
"X:/Unreal Projects/ProjectGlow/Content/StarterContent/Materials/M_Basic_Floor.uexp" 963
"X:/Unreal Projects/ProjectGlow/Content/StarterContent/Architecture/Floor_400x400.uasset" 964
"X:/Unreal Projects/ProjectGlow/Content/StarterContent/Architecture/Floor_400x400.uexp" 965
"X:/Unreal Projects/ProjectGlow/Content/StarterContent/Maps/Minimal_Default.uexp" 966
"X:/Unreal Projects/ProjectGlow/Content/StarterContent/Maps/Minimal_Default.umap" 967
"../../../Engine/Content/Maps/Entry_BuiltData.uasset" 968
"../../../Engine/Content/Maps/Entry_BuiltData.uexp" 969
"../../../Engine/Content/Maps/Entry.uexp" 970
"../../../Engine/Content/Maps/Entry.umap" 971
